[2025-02-11T17:08:07.436+0000] {local_task_job_runner.py:120} INFO - ::group::Pre task execution logs
[2025-02-11T17:08:07.484+0000] {taskinstance.py:2073} INFO - Dependencies all met for dep_context=non-requeueable deps ti=<TaskInstance: DAG_INETUM_ETL.submit_glue_job manual__2025-02-11T17:08:00.921612+00:00 [queued]>
[2025-02-11T17:08:07.506+0000] {taskinstance.py:2073} INFO - Dependencies all met for dep_context=requeueable deps ti=<TaskInstance: DAG_INETUM_ETL.submit_glue_job manual__2025-02-11T17:08:00.921612+00:00 [queued]>
[2025-02-11T17:08:07.508+0000] {taskinstance.py:2303} INFO - Starting attempt 1 of 2
[2025-02-11T17:08:07.542+0000] {taskinstance.py:2327} INFO - Executing <Task(GlueJobOperator): submit_glue_job> on 2025-02-11 17:08:00.921612+00:00
[2025-02-11T17:08:07.558+0000] {warnings.py:110} WARNING - /home/***/.local/lib/python3.12/site-packages/***/task/task_runner/standard_task_runner.py:61: DeprecationWarning: This process (pid=2756) is multi-threaded, use of fork() may lead to deadlocks in the child.
  pid = os.fork()

[2025-02-11T17:08:07.561+0000] {standard_task_runner.py:63} INFO - Started process 2761 to run task
[2025-02-11T17:08:07.565+0000] {standard_task_runner.py:90} INFO - Running: ['***', 'tasks', 'run', 'DAG_INETUM_ETL', 'submit_glue_job', 'manual__2025-02-11T17:08:00.921612+00:00', '--job-id', '18', '--raw', '--subdir', 'DAGS_FOLDER/dag_etl.py', '--cfg-path', '/tmp/tmptvo0i0l6']
[2025-02-11T17:08:07.567+0000] {standard_task_runner.py:91} INFO - Job 18: Subtask submit_glue_job
[2025-02-11T17:08:07.721+0000] {task_command.py:426} INFO - Running <TaskInstance: DAG_INETUM_ETL.submit_glue_job manual__2025-02-11T17:08:00.921612+00:00 [running]> on host 9a237c96c334
[2025-02-11T17:08:08.148+0000] {taskinstance.py:2644} INFO - Exporting env vars: AIRFLOW_CTX_DAG_OWNER='Andres Urrea' AIRFLOW_CTX_DAG_ID='DAG_INETUM_ETL' AIRFLOW_CTX_TASK_ID='submit_glue_job' AIRFLOW_CTX_EXECUTION_DATE='2025-02-11T17:08:00.921612+00:00' AIRFLOW_CTX_TRY_NUMBER='1' AIRFLOW_CTX_DAG_RUN_ID='manual__2025-02-11T17:08:00.921612+00:00'
[2025-02-11T17:08:08.155+0000] {taskinstance.py:430} INFO - ::endgroup::
[2025-02-11T17:08:08.157+0000] {glue.py:173} INFO - Initializing AWS Glue Job: etloregon. Wait for completion: True
[2025-02-11T17:08:08.158+0000] {glue.py:356} INFO - Checking if job already exists: etloregon
[2025-02-11T17:08:08.180+0000] {base.py:84} INFO - Using connection ID 'aws_default' for task execution.
[2025-02-11T17:08:08.181+0000] {connection_wrapper.py:384} INFO - AWS Connection (conn_id='aws_default', conn_type='aws') credentials retrieved from login and password.
[2025-02-11T17:08:11.128+0000] {glue.py:194} INFO - You can monitor this Glue Job run at: https://console.aws.amazon.com/gluestudio/home?region=us-west-2#/job/etloregon/run/jr_3560e7e31638a03f2d687baa73a3d94f02545ebff0a930b64e17976bbc0c4bd9
[2025-02-11T17:08:11.342+0000] {glue.py:339} INFO - Polling for AWS Glue Job etloregon current run state with status RUNNING
[2025-02-11T17:08:17.556+0000] {glue.py:339} INFO - Polling for AWS Glue Job etloregon current run state with status RUNNING
[2025-02-11T17:08:23.794+0000] {glue.py:339} INFO - Polling for AWS Glue Job etloregon current run state with status RUNNING
[2025-02-11T17:08:30.005+0000] {glue.py:339} INFO - Polling for AWS Glue Job etloregon current run state with status RUNNING
[2025-02-11T17:08:36.220+0000] {glue.py:339} INFO - Polling for AWS Glue Job etloregon current run state with status RUNNING
[2025-02-11T17:08:42.427+0000] {glue.py:339} INFO - Polling for AWS Glue Job etloregon current run state with status RUNNING
[2025-02-11T17:08:48.692+0000] {glue.py:339} INFO - Polling for AWS Glue Job etloregon current run state with status RUNNING
[2025-02-11T17:08:54.921+0000] {glue.py:339} INFO - Polling for AWS Glue Job etloregon current run state with status RUNNING
[2025-02-11T17:09:01.154+0000] {glue.py:339} INFO - Polling for AWS Glue Job etloregon current run state with status RUNNING
[2025-02-11T17:09:07.368+0000] {glue.py:339} INFO - Polling for AWS Glue Job etloregon current run state with status RUNNING
[2025-02-11T17:09:13.579+0000] {glue.py:339} INFO - Polling for AWS Glue Job etloregon current run state with status RUNNING
[2025-02-11T17:09:19.829+0000] {glue.py:339} INFO - Polling for AWS Glue Job etloregon current run state with status RUNNING
[2025-02-11T17:09:26.044+0000] {glue.py:339} INFO - Polling for AWS Glue Job etloregon current run state with status RUNNING
[2025-02-11T17:09:32.294+0000] {glue.py:339} INFO - Polling for AWS Glue Job etloregon current run state with status RUNNING
[2025-02-11T17:09:38.495+0000] {glue.py:332} INFO - Exiting Job jr_3560e7e31638a03f2d687baa73a3d94f02545ebff0a930b64e17976bbc0c4bd9 Run State: SUCCEEDED
[2025-02-11T17:09:38.498+0000] {glue.py:209} INFO - AWS Glue Job: etloregon status: SUCCEEDED. Run Id: jr_3560e7e31638a03f2d687baa73a3d94f02545ebff0a930b64e17976bbc0c4bd9
[2025-02-11T17:09:38.499+0000] {taskinstance.py:441} INFO - ::group::Post task execution logs
[2025-02-11T17:09:38.537+0000] {taskinstance.py:1205} INFO - Marking task as SUCCESS. dag_id=DAG_INETUM_ETL, task_id=submit_glue_job, execution_date=20250211T170800, start_date=20250211T170807, end_date=20250211T170938
[2025-02-11T17:09:38.583+0000] {local_task_job_runner.py:310} WARNING - State of this instance has been externally set to success. Terminating instance.
[2025-02-11T17:09:38.584+0000] {local_task_job_runner.py:222} INFO - ::endgroup::
[2025-02-11T17:09:38.591+0000] {process_utils.py:132} INFO - Sending 15 to group 2761. PIDs of all processes in the group: [2761]
[2025-02-11T17:09:38.592+0000] {process_utils.py:87} INFO - Sending the signal 15 to group 2761
[2025-02-11T17:09:38.593+0000] {process_utils.py:80} INFO - Process psutil.Process(pid=2761, status='terminated', exitcode=0, started='17:08:06') (2761) terminated with exit code 0
