[2025-02-12T23:07:54.060+0000] {local_task_job_runner.py:120} INFO - ::group::Pre task execution logs
[2025-02-12T23:07:54.091+0000] {taskinstance.py:2073} INFO - Dependencies all met for dep_context=non-requeueable deps ti=<TaskInstance: DAG_INETUM_ETL.submit_glue_job manual__2025-02-12T22:53:05.311760+00:00 [queued]>
[2025-02-12T23:07:54.106+0000] {taskinstance.py:2073} INFO - Dependencies all met for dep_context=requeueable deps ti=<TaskInstance: DAG_INETUM_ETL.submit_glue_job manual__2025-02-12T22:53:05.311760+00:00 [queued]>
[2025-02-12T23:07:54.107+0000] {taskinstance.py:2303} INFO - Starting attempt 2 of 2
[2025-02-12T23:07:54.134+0000] {taskinstance.py:2327} INFO - Executing <Task(GlueJobOperator): submit_glue_job> on 2025-02-12 22:53:05.311760+00:00
[2025-02-12T23:07:54.145+0000] {warnings.py:110} WARNING - /home/***/.local/lib/python3.12/site-packages/***/task/task_runner/standard_task_runner.py:61: DeprecationWarning: This process (pid=327) is multi-threaded, use of fork() may lead to deadlocks in the child.
  pid = os.fork()

[2025-02-12T23:07:54.148+0000] {standard_task_runner.py:63} INFO - Started process 329 to run task
[2025-02-12T23:07:54.149+0000] {standard_task_runner.py:90} INFO - Running: ['***', 'tasks', 'run', 'DAG_INETUM_ETL', 'submit_glue_job', 'manual__2025-02-12T22:53:05.311760+00:00', '--job-id', '53', '--raw', '--subdir', 'DAGS_FOLDER/dag_etl.py', '--cfg-path', '/tmp/tmpvjokjzo1']
[2025-02-12T23:07:54.151+0000] {standard_task_runner.py:91} INFO - Job 53: Subtask submit_glue_job
[2025-02-12T23:07:54.253+0000] {task_command.py:426} INFO - Running <TaskInstance: DAG_INETUM_ETL.submit_glue_job manual__2025-02-12T22:53:05.311760+00:00 [running]> on host 9a237c96c334
[2025-02-12T23:07:54.474+0000] {taskinstance.py:2644} INFO - Exporting env vars: AIRFLOW_CTX_DAG_OWNER='Andres Urrea' AIRFLOW_CTX_DAG_ID='DAG_INETUM_ETL' AIRFLOW_CTX_TASK_ID='submit_glue_job' AIRFLOW_CTX_EXECUTION_DATE='2025-02-12T22:53:05.311760+00:00' AIRFLOW_CTX_TRY_NUMBER='2' AIRFLOW_CTX_DAG_RUN_ID='manual__2025-02-12T22:53:05.311760+00:00'
[2025-02-12T23:07:54.478+0000] {taskinstance.py:430} INFO - ::endgroup::
[2025-02-12T23:07:54.479+0000] {glue.py:173} INFO - Initializing AWS Glue Job: inetum_job. Wait for completion: True
[2025-02-12T23:07:54.481+0000] {glue.py:356} INFO - Checking if job already exists: inetum_job
[2025-02-12T23:07:54.501+0000] {base.py:84} INFO - Using connection ID 'aws_default' for task execution.
[2025-02-12T23:07:54.503+0000] {connection_wrapper.py:384} INFO - AWS Connection (conn_id='aws_default', conn_type='aws') credentials retrieved from login and password.
[2025-02-12T23:07:56.626+0000] {glue.py:194} INFO - You can monitor this Glue Job run at: https://console.aws.amazon.com/gluestudio/home?region=us-west-2#/job/inetum_job/run/jr_2e229b8249a132019c948a6dc76ccd165c5166f5994cf13a6e08dd9dd118ca17
[2025-02-12T23:07:56.837+0000] {glue.py:339} INFO - Polling for AWS Glue Job inetum_job current run state with status RUNNING
[2025-02-12T23:08:03.059+0000] {glue.py:339} INFO - Polling for AWS Glue Job inetum_job current run state with status RUNNING
[2025-02-12T23:08:09.344+0000] {glue.py:339} INFO - Polling for AWS Glue Job inetum_job current run state with status RUNNING
[2025-02-12T23:08:15.580+0000] {glue.py:339} INFO - Polling for AWS Glue Job inetum_job current run state with status RUNNING
[2025-02-12T23:08:21.825+0000] {glue.py:339} INFO - Polling for AWS Glue Job inetum_job current run state with status RUNNING
[2025-02-12T23:08:28.072+0000] {glue.py:339} INFO - Polling for AWS Glue Job inetum_job current run state with status RUNNING
[2025-02-12T23:08:34.309+0000] {glue.py:339} INFO - Polling for AWS Glue Job inetum_job current run state with status RUNNING
[2025-02-12T23:08:40.516+0000] {glue.py:339} INFO - Polling for AWS Glue Job inetum_job current run state with status RUNNING
[2025-02-12T23:08:46.733+0000] {glue.py:339} INFO - Polling for AWS Glue Job inetum_job current run state with status RUNNING
[2025-02-12T23:08:52.955+0000] {glue.py:339} INFO - Polling for AWS Glue Job inetum_job current run state with status RUNNING
[2025-02-12T23:08:59.201+0000] {glue.py:339} INFO - Polling for AWS Glue Job inetum_job current run state with status RUNNING
[2025-02-12T23:09:05.438+0000] {glue.py:339} INFO - Polling for AWS Glue Job inetum_job current run state with status RUNNING
[2025-02-12T23:09:11.667+0000] {glue.py:339} INFO - Polling for AWS Glue Job inetum_job current run state with status RUNNING
[2025-02-12T23:09:17.907+0000] {glue.py:339} INFO - Polling for AWS Glue Job inetum_job current run state with status RUNNING
[2025-02-12T23:09:24.148+0000] {glue.py:339} INFO - Polling for AWS Glue Job inetum_job current run state with status RUNNING
[2025-02-12T23:09:30.372+0000] {glue.py:339} INFO - Polling for AWS Glue Job inetum_job current run state with status RUNNING
[2025-02-12T23:09:36.597+0000] {glue.py:339} INFO - Polling for AWS Glue Job inetum_job current run state with status RUNNING
[2025-02-12T23:09:42.808+0000] {glue.py:339} INFO - Polling for AWS Glue Job inetum_job current run state with status RUNNING
[2025-02-12T23:09:49.025+0000] {glue.py:339} INFO - Polling for AWS Glue Job inetum_job current run state with status RUNNING
[2025-02-12T23:09:55.258+0000] {glue.py:339} INFO - Polling for AWS Glue Job inetum_job current run state with status RUNNING
[2025-02-12T23:10:01.499+0000] {glue.py:339} INFO - Polling for AWS Glue Job inetum_job current run state with status RUNNING
[2025-02-12T23:10:07.735+0000] {glue.py:339} INFO - Polling for AWS Glue Job inetum_job current run state with status RUNNING
[2025-02-12T23:10:13.956+0000] {glue.py:339} INFO - Polling for AWS Glue Job inetum_job current run state with status RUNNING
[2025-02-12T23:10:20.196+0000] {glue.py:339} INFO - Polling for AWS Glue Job inetum_job current run state with status RUNNING
[2025-02-12T23:10:26.405+0000] {glue.py:339} INFO - Polling for AWS Glue Job inetum_job current run state with status RUNNING
[2025-02-12T23:10:32.648+0000] {glue.py:339} INFO - Polling for AWS Glue Job inetum_job current run state with status RUNNING
[2025-02-12T23:10:38.865+0000] {glue.py:339} INFO - Polling for AWS Glue Job inetum_job current run state with status RUNNING
[2025-02-12T23:10:45.085+0000] {glue.py:339} INFO - Polling for AWS Glue Job inetum_job current run state with status RUNNING
[2025-02-12T23:10:51.334+0000] {glue.py:339} INFO - Polling for AWS Glue Job inetum_job current run state with status RUNNING
[2025-02-12T23:10:57.576+0000] {glue.py:339} INFO - Polling for AWS Glue Job inetum_job current run state with status RUNNING
[2025-02-12T23:11:03.802+0000] {glue.py:339} INFO - Polling for AWS Glue Job inetum_job current run state with status RUNNING
[2025-02-12T23:11:10.025+0000] {glue.py:339} INFO - Polling for AWS Glue Job inetum_job current run state with status RUNNING
[2025-02-12T23:11:16.339+0000] {glue.py:339} INFO - Polling for AWS Glue Job inetum_job current run state with status RUNNING
[2025-02-12T23:11:22.610+0000] {glue.py:339} INFO - Polling for AWS Glue Job inetum_job current run state with status RUNNING
[2025-02-12T23:11:28.878+0000] {glue.py:339} INFO - Polling for AWS Glue Job inetum_job current run state with status RUNNING
[2025-02-12T23:11:35.091+0000] {glue.py:339} INFO - Polling for AWS Glue Job inetum_job current run state with status RUNNING
[2025-02-12T23:11:41.320+0000] {glue.py:339} INFO - Polling for AWS Glue Job inetum_job current run state with status RUNNING
[2025-02-12T23:11:47.529+0000] {glue.py:339} INFO - Polling for AWS Glue Job inetum_job current run state with status RUNNING
[2025-02-12T23:11:53.766+0000] {glue.py:339} INFO - Polling for AWS Glue Job inetum_job current run state with status RUNNING
[2025-02-12T23:12:00.051+0000] {glue.py:339} INFO - Polling for AWS Glue Job inetum_job current run state with status RUNNING
[2025-02-12T23:12:06.330+0000] {glue.py:339} INFO - Polling for AWS Glue Job inetum_job current run state with status RUNNING
[2025-02-12T23:12:12.540+0000] {glue.py:339} INFO - Polling for AWS Glue Job inetum_job current run state with status RUNNING
[2025-02-12T23:12:18.776+0000] {glue.py:339} INFO - Polling for AWS Glue Job inetum_job current run state with status RUNNING
[2025-02-12T23:12:25.025+0000] {glue.py:339} INFO - Polling for AWS Glue Job inetum_job current run state with status RUNNING
[2025-02-12T23:12:31.344+0000] {glue.py:339} INFO - Polling for AWS Glue Job inetum_job current run state with status RUNNING
[2025-02-12T23:12:37.594+0000] {glue.py:339} INFO - Polling for AWS Glue Job inetum_job current run state with status RUNNING
[2025-02-12T23:12:43.809+0000] {glue.py:332} INFO - Exiting Job jr_2e229b8249a132019c948a6dc76ccd165c5166f5994cf13a6e08dd9dd118ca17 Run State: SUCCEEDED
[2025-02-12T23:12:43.810+0000] {glue.py:209} INFO - AWS Glue Job: inetum_job status: SUCCEEDED. Run Id: jr_2e229b8249a132019c948a6dc76ccd165c5166f5994cf13a6e08dd9dd118ca17
[2025-02-12T23:12:43.811+0000] {taskinstance.py:441} INFO - ::group::Post task execution logs
[2025-02-12T23:12:43.839+0000] {taskinstance.py:1205} INFO - Marking task as SUCCESS. dag_id=DAG_INETUM_ETL, task_id=submit_glue_job, execution_date=20250212T225305, start_date=20250212T230754, end_date=20250212T231243
[2025-02-12T23:12:43.908+0000] {local_task_job_runner.py:240} INFO - Task exited with return code 0
[2025-02-12T23:12:43.942+0000] {taskinstance.py:3482} INFO - 0 downstream tasks scheduled from follow-on schedule check
[2025-02-12T23:12:43.946+0000] {local_task_job_runner.py:222} INFO - ::endgroup::
