[2025-02-13T04:21:54.492+0000] {local_task_job_runner.py:120} INFO - ::group::Pre task execution logs
[2025-02-13T04:21:54.533+0000] {taskinstance.py:2073} INFO - Dependencies all met for dep_context=non-requeueable deps ti=<TaskInstance: DAG_INETUM_ETL.run_glue_crawler manual__2025-02-13T04:21:20.465557+00:00 [queued]>
[2025-02-13T04:21:54.553+0000] {taskinstance.py:2073} INFO - Dependencies all met for dep_context=requeueable deps ti=<TaskInstance: DAG_INETUM_ETL.run_glue_crawler manual__2025-02-13T04:21:20.465557+00:00 [queued]>
[2025-02-13T04:21:54.554+0000] {taskinstance.py:2303} INFO - Starting attempt 1 of 2
[2025-02-13T04:21:54.597+0000] {taskinstance.py:2327} INFO - Executing <Task(GlueCrawlerOperator): run_glue_crawler> on 2025-02-13 04:21:20.465557+00:00
[2025-02-13T04:21:54.613+0000] {warnings.py:110} WARNING - /home/***/.local/lib/python3.12/site-packages/***/task/task_runner/standard_task_runner.py:61: DeprecationWarning: This process (pid=4171) is multi-threaded, use of fork() may lead to deadlocks in the child.
  pid = os.fork()

[2025-02-13T04:21:54.618+0000] {standard_task_runner.py:63} INFO - Started process 4173 to run task
[2025-02-13T04:21:54.618+0000] {standard_task_runner.py:90} INFO - Running: ['***', 'tasks', 'run', 'DAG_INETUM_ETL', 'run_glue_crawler', 'manual__2025-02-13T04:21:20.465557+00:00', '--job-id', '60', '--raw', '--subdir', 'DAGS_FOLDER/dag_etl.py', '--cfg-path', '/tmp/tmpxggen64s']
[2025-02-13T04:21:54.623+0000] {standard_task_runner.py:91} INFO - Job 60: Subtask run_glue_crawler
[2025-02-13T04:21:54.733+0000] {task_command.py:426} INFO - Running <TaskInstance: DAG_INETUM_ETL.run_glue_crawler manual__2025-02-13T04:21:20.465557+00:00 [running]> on host 9a237c96c334
[2025-02-13T04:21:54.943+0000] {taskinstance.py:2644} INFO - Exporting env vars: AIRFLOW_CTX_DAG_OWNER='Andres Urrea' AIRFLOW_CTX_DAG_ID='DAG_INETUM_ETL' AIRFLOW_CTX_TASK_ID='run_glue_crawler' AIRFLOW_CTX_EXECUTION_DATE='2025-02-13T04:21:20.465557+00:00' AIRFLOW_CTX_TRY_NUMBER='1' AIRFLOW_CTX_DAG_RUN_ID='manual__2025-02-13T04:21:20.465557+00:00'
[2025-02-13T04:21:54.946+0000] {taskinstance.py:430} INFO - ::endgroup::
[2025-02-13T04:21:54.947+0000] {glue_crawler.py:57} INFO - Checking if crawler already exists: crawler_source_flightnews
[2025-02-13T04:21:54.964+0000] {base.py:84} INFO - Using connection ID 'aws_default' for task execution.
[2025-02-13T04:21:54.966+0000] {connection_wrapper.py:384} INFO - AWS Connection (conn_id='aws_default', conn_type='aws') credentials retrieved from login and password.
[2025-02-13T04:21:56.978+0000] {glue_crawler.py:98} INFO - Triggering AWS Glue Crawler
[2025-02-13T04:21:56.979+0000] {glue_crawler.py:170} INFO - Starting crawler crawler_source_flightnews
[2025-02-13T04:22:08.408+0000] {glue_crawler.py:110} INFO - Waiting for AWS Glue Crawler
[2025-02-13T04:25:02.798+0000] {glue_crawler.py:185} INFO - crawler_config: {'Name': 'crawler_source_flightnews', 'Role': 'service-role/AWSGlueServiceRole-s3-fullacces-glue-au', 'Targets': {'S3Targets': [{'Path': 's3://source-data-spacenews', 'Exclusions': []}], 'JdbcTargets': [], 'MongoDBTargets': [], 'DynamoDBTargets': [], 'CatalogTargets': [], 'DeltaTargets': [], 'IcebergTargets': [], 'HudiTargets': []}, 'DatabaseName': 'dbflightnews', 'Description': 'this crawler verify the structure and metadata of date extracted of API FlightNews', 'Classifiers': [], 'RecrawlPolicy': {'RecrawlBehavior': 'CRAWL_EVERYTHING'}, 'SchemaChangePolicy': {'UpdateBehavior': 'UPDATE_IN_DATABASE', 'DeleteBehavior': 'DEPRECATE_IN_DATABASE'}, 'LineageConfiguration': {'CrawlerLineageSettings': 'DISABLE'}, 'State': 'READY', 'CrawlElapsedTime': 0, 'CreationTime': datetime.datetime(2025, 2, 11, 19, 24, 49, tzinfo=tzlocal()), 'LastUpdated': datetime.datetime(2025, 2, 11, 19, 24, 49, tzinfo=tzlocal()), 'LastCrawl': {'Status': 'SUCCEEDED', 'LogGroup': '/aws-glue/crawlers', 'LogStream': 'crawler_source_flightnews', 'MessagePrefix': '1b10f0b2-17fa-4a52-84be-16dd694247f4', 'StartTime': datetime.datetime(2025, 2, 13, 4, 21, 58, tzinfo=tzlocal())}, 'Version': 1, 'Configuration': '{"Version":1.0,"CreatePartitionIndex":true}', 'LakeFormationConfiguration': {'UseLakeFormationCredentials': False, 'AccountId': ''}}
[2025-02-13T04:25:03.007+0000] {glue_crawler.py:190} INFO - Status: SUCCEEDED
[2025-02-13T04:25:03.008+0000] {glue_crawler.py:191} INFO - Last Runtime Duration (seconds): 71.267
[2025-02-13T04:25:03.010+0000] {glue_crawler.py:192} INFO - Median Runtime Duration (seconds): 68.449
[2025-02-13T04:25:03.011+0000] {glue_crawler.py:193} INFO - Tables Created: 0
[2025-02-13T04:25:03.012+0000] {glue_crawler.py:194} INFO - Tables Updated: 1
[2025-02-13T04:25:03.012+0000] {glue_crawler.py:195} INFO - Tables Deleted: 0
[2025-02-13T04:25:03.013+0000] {taskinstance.py:441} INFO - ::group::Post task execution logs
[2025-02-13T04:25:03.051+0000] {taskinstance.py:1205} INFO - Marking task as SUCCESS. dag_id=DAG_INETUM_ETL, task_id=run_glue_crawler, execution_date=20250213T042120, start_date=20250213T042154, end_date=20250213T042503
[2025-02-13T04:25:03.108+0000] {local_task_job_runner.py:240} INFO - Task exited with return code 0
[2025-02-13T04:25:03.146+0000] {taskinstance.py:3482} INFO - 1 downstream tasks scheduled from follow-on schedule check
[2025-02-13T04:25:03.148+0000] {local_task_job_runner.py:222} INFO - ::endgroup::
