[2025-02-11T17:05:32.507+0000] {local_task_job_runner.py:120} INFO - ::group::Pre task execution logs
[2025-02-11T17:05:32.572+0000] {taskinstance.py:2073} INFO - Dependencies all met for dep_context=non-requeueable deps ti=<TaskInstance: DAG_INETUM_ETL.run_glue_crawler manual__2025-02-11T17:05:25.149343+00:00 [queued]>
[2025-02-11T17:05:32.607+0000] {taskinstance.py:2073} INFO - Dependencies all met for dep_context=requeueable deps ti=<TaskInstance: DAG_INETUM_ETL.run_glue_crawler manual__2025-02-11T17:05:25.149343+00:00 [queued]>
[2025-02-11T17:05:32.609+0000] {taskinstance.py:2303} INFO - Starting attempt 1 of 2
[2025-02-11T17:05:32.658+0000] {taskinstance.py:2327} INFO - Executing <Task(GlueCrawlerOperator): run_glue_crawler> on 2025-02-11 17:05:25.149343+00:00
[2025-02-11T17:05:32.679+0000] {warnings.py:110} WARNING - /home/***/.local/lib/python3.12/site-packages/***/task/task_runner/standard_task_runner.py:61: DeprecationWarning: This process (pid=2708) is multi-threaded, use of fork() may lead to deadlocks in the child.
  pid = os.fork()

[2025-02-11T17:05:32.687+0000] {standard_task_runner.py:63} INFO - Started process 2720 to run task
[2025-02-11T17:05:32.689+0000] {standard_task_runner.py:90} INFO - Running: ['***', 'tasks', 'run', 'DAG_INETUM_ETL', 'run_glue_crawler', 'manual__2025-02-11T17:05:25.149343+00:00', '--job-id', '14', '--raw', '--subdir', 'DAGS_FOLDER/dag_etl.py', '--cfg-path', '/tmp/tmpijxkwpbc']
[2025-02-11T17:05:32.693+0000] {standard_task_runner.py:91} INFO - Job 14: Subtask run_glue_crawler
[2025-02-11T17:05:32.865+0000] {task_command.py:426} INFO - Running <TaskInstance: DAG_INETUM_ETL.run_glue_crawler manual__2025-02-11T17:05:25.149343+00:00 [running]> on host 9a237c96c334
[2025-02-11T17:05:33.129+0000] {taskinstance.py:2644} INFO - Exporting env vars: AIRFLOW_CTX_DAG_OWNER='Andres Urrea' AIRFLOW_CTX_DAG_ID='DAG_INETUM_ETL' AIRFLOW_CTX_TASK_ID='run_glue_crawler' AIRFLOW_CTX_EXECUTION_DATE='2025-02-11T17:05:25.149343+00:00' AIRFLOW_CTX_TRY_NUMBER='1' AIRFLOW_CTX_DAG_RUN_ID='manual__2025-02-11T17:05:25.149343+00:00'
[2025-02-11T17:05:33.134+0000] {taskinstance.py:430} INFO - ::endgroup::
[2025-02-11T17:05:33.137+0000] {glue_crawler.py:57} INFO - Checking if crawler already exists: crawler-oregon-source-s3
[2025-02-11T17:05:33.163+0000] {base.py:84} INFO - Using connection ID 'aws_default' for task execution.
[2025-02-11T17:05:33.165+0000] {connection_wrapper.py:384} INFO - AWS Connection (conn_id='aws_default', conn_type='aws') credentials retrieved from login and password.
[2025-02-11T17:05:35.954+0000] {glue_crawler.py:98} INFO - Triggering AWS Glue Crawler
[2025-02-11T17:05:35.955+0000] {glue_crawler.py:170} INFO - Starting crawler crawler-oregon-source-s3
[2025-02-11T17:05:47.414+0000] {glue_crawler.py:110} INFO - Waiting for AWS Glue Crawler
[2025-02-11T17:08:41.389+0000] {glue_crawler.py:185} INFO - crawler_config: {'Name': 'crawler-oregon-source-s3', 'Role': 'service-role/AWSGlueServiceRole-s3-fullacces-glue-au', 'Targets': {'S3Targets': [{'Path': 's3://cloudcamp-source-oregon-au', 'Exclusions': []}], 'JdbcTargets': [], 'MongoDBTargets': [], 'DynamoDBTargets': [], 'CatalogTargets': [], 'DeltaTargets': [], 'IcebergTargets': [], 'HudiTargets': []}, 'DatabaseName': 'dbordegon-sources3', 'Description': 'crawler source s3', 'Classifiers': [], 'RecrawlPolicy': {'RecrawlBehavior': 'CRAWL_EVERYTHING'}, 'SchemaChangePolicy': {'UpdateBehavior': 'UPDATE_IN_DATABASE', 'DeleteBehavior': 'DEPRECATE_IN_DATABASE'}, 'LineageConfiguration': {'CrawlerLineageSettings': 'DISABLE'}, 'State': 'READY', 'CrawlElapsedTime': 0, 'CreationTime': datetime.datetime(2025, 2, 11, 4, 14, 20, tzinfo=tzlocal()), 'LastUpdated': datetime.datetime(2025, 2, 11, 4, 14, 20, tzinfo=tzlocal()), 'LastCrawl': {'Status': 'SUCCEEDED', 'LogGroup': '/aws-glue/crawlers', 'LogStream': 'crawler-oregon-source-s3', 'MessagePrefix': '39dd1fab-2788-43c6-a99d-fc344384c330', 'StartTime': datetime.datetime(2025, 2, 11, 17, 5, 36, tzinfo=tzlocal())}, 'Version': 1, 'Configuration': '{"Version":1.0,"CreatePartitionIndex":true}', 'LakeFormationConfiguration': {'UseLakeFormationCredentials': False, 'AccountId': ''}}
[2025-02-11T17:08:41.589+0000] {glue_crawler.py:190} INFO - Status: SUCCEEDED
[2025-02-11T17:08:41.590+0000] {glue_crawler.py:191} INFO - Last Runtime Duration (seconds): 76.176
[2025-02-11T17:08:41.591+0000] {glue_crawler.py:192} INFO - Median Runtime Duration (seconds): 64.1935
[2025-02-11T17:08:41.592+0000] {glue_crawler.py:193} INFO - Tables Created: 0
[2025-02-11T17:08:41.593+0000] {glue_crawler.py:194} INFO - Tables Updated: 0
[2025-02-11T17:08:41.594+0000] {glue_crawler.py:195} INFO - Tables Deleted: 0
[2025-02-11T17:08:41.595+0000] {taskinstance.py:441} INFO - ::group::Post task execution logs
[2025-02-11T17:08:41.638+0000] {taskinstance.py:1205} INFO - Marking task as SUCCESS. dag_id=DAG_INETUM_ETL, task_id=run_glue_crawler, execution_date=20250211T170525, start_date=20250211T170532, end_date=20250211T170841
[2025-02-11T17:08:41.713+0000] {local_task_job_runner.py:240} INFO - Task exited with return code 0
[2025-02-11T17:08:41.745+0000] {taskinstance.py:3482} INFO - 0 downstream tasks scheduled from follow-on schedule check
[2025-02-11T17:08:41.749+0000] {local_task_job_runner.py:222} INFO - ::endgroup::
