[2025-02-11T16:24:10.620+0000] {local_task_job_runner.py:120} INFO - ::group::Pre task execution logs
[2025-02-11T16:24:10.662+0000] {taskinstance.py:2073} INFO - Dependencies all met for dep_context=non-requeueable deps ti=<TaskInstance: DAG_ETL_glue.submit_glue_job manual__2025-02-11T16:24:01.789563+00:00 [queued]>
[2025-02-11T16:24:10.681+0000] {taskinstance.py:2073} INFO - Dependencies all met for dep_context=requeueable deps ti=<TaskInstance: DAG_ETL_glue.submit_glue_job manual__2025-02-11T16:24:01.789563+00:00 [queued]>
[2025-02-11T16:24:10.682+0000] {taskinstance.py:2303} INFO - Starting attempt 1 of 2
[2025-02-11T16:24:10.717+0000] {taskinstance.py:2327} INFO - Executing <Task(GlueJobOperator): submit_glue_job> on 2025-02-11 16:24:01.789563+00:00
[2025-02-11T16:24:10.732+0000] {warnings.py:110} WARNING - /home/***/.local/lib/python3.12/site-packages/***/task/task_runner/standard_task_runner.py:61: DeprecationWarning: This process (pid=2199) is multi-threaded, use of fork() may lead to deadlocks in the child.
  pid = os.fork()

[2025-02-11T16:24:10.736+0000] {standard_task_runner.py:63} INFO - Started process 2212 to run task
[2025-02-11T16:24:10.736+0000] {standard_task_runner.py:90} INFO - Running: ['***', 'tasks', 'run', 'DAG_ETL_glue', 'submit_glue_job', 'manual__2025-02-11T16:24:01.789563+00:00', '--job-id', '12', '--raw', '--subdir', 'DAGS_FOLDER/first_dag.py', '--cfg-path', '/tmp/tmpqcpkjg9k']
[2025-02-11T16:24:10.743+0000] {standard_task_runner.py:91} INFO - Job 12: Subtask submit_glue_job
[2025-02-11T16:24:10.881+0000] {task_command.py:426} INFO - Running <TaskInstance: DAG_ETL_glue.submit_glue_job manual__2025-02-11T16:24:01.789563+00:00 [running]> on host 9a237c96c334
[2025-02-11T16:24:11.189+0000] {taskinstance.py:2644} INFO - Exporting env vars: AIRFLOW_CTX_DAG_OWNER='Andres Urrea' AIRFLOW_CTX_DAG_ID='DAG_ETL_glue' AIRFLOW_CTX_TASK_ID='submit_glue_job' AIRFLOW_CTX_EXECUTION_DATE='2025-02-11T16:24:01.789563+00:00' AIRFLOW_CTX_TRY_NUMBER='1' AIRFLOW_CTX_DAG_RUN_ID='manual__2025-02-11T16:24:01.789563+00:00'
[2025-02-11T16:24:11.195+0000] {taskinstance.py:430} INFO - ::endgroup::
[2025-02-11T16:24:11.196+0000] {glue.py:173} INFO - Initializing AWS Glue Job: etloregon. Wait for completion: True
[2025-02-11T16:24:11.198+0000] {glue.py:356} INFO - Checking if job already exists: etloregon
[2025-02-11T16:24:11.235+0000] {base.py:84} INFO - Using connection ID 'aws_default' for task execution.
[2025-02-11T16:24:11.240+0000] {connection_wrapper.py:384} INFO - AWS Connection (conn_id='aws_default', conn_type='aws') credentials retrieved from login and password.
[2025-02-11T16:24:13.847+0000] {glue.py:194} INFO - You can monitor this Glue Job run at: https://console.aws.amazon.com/gluestudio/home?region=us-west-2#/job/etloregon/run/jr_f5fca51b5d3e03a0626c8e6f7273bdcb3d9f8e7225de17933d0946b6df03fc1c
[2025-02-11T16:24:14.051+0000] {glue.py:339} INFO - Polling for AWS Glue Job etloregon current run state with status RUNNING
[2025-02-11T16:24:20.318+0000] {glue.py:339} INFO - Polling for AWS Glue Job etloregon current run state with status RUNNING
[2025-02-11T16:24:26.539+0000] {glue.py:339} INFO - Polling for AWS Glue Job etloregon current run state with status RUNNING
[2025-02-11T16:24:32.778+0000] {glue.py:339} INFO - Polling for AWS Glue Job etloregon current run state with status RUNNING
[2025-02-11T16:24:38.979+0000] {glue.py:339} INFO - Polling for AWS Glue Job etloregon current run state with status RUNNING
[2025-02-11T16:24:45.205+0000] {glue.py:339} INFO - Polling for AWS Glue Job etloregon current run state with status RUNNING
[2025-02-11T16:24:51.447+0000] {glue.py:339} INFO - Polling for AWS Glue Job etloregon current run state with status RUNNING
[2025-02-11T16:24:57.674+0000] {glue.py:339} INFO - Polling for AWS Glue Job etloregon current run state with status RUNNING
[2025-02-11T16:25:03.906+0000] {glue.py:339} INFO - Polling for AWS Glue Job etloregon current run state with status RUNNING
[2025-02-11T16:25:10.154+0000] {glue.py:339} INFO - Polling for AWS Glue Job etloregon current run state with status RUNNING
[2025-02-11T16:25:16.367+0000] {glue.py:339} INFO - Polling for AWS Glue Job etloregon current run state with status RUNNING
[2025-02-11T16:25:22.595+0000] {glue.py:339} INFO - Polling for AWS Glue Job etloregon current run state with status RUNNING
[2025-02-11T16:25:28.879+0000] {glue.py:339} INFO - Polling for AWS Glue Job etloregon current run state with status RUNNING
[2025-02-11T16:25:35.079+0000] {glue.py:332} INFO - Exiting Job jr_f5fca51b5d3e03a0626c8e6f7273bdcb3d9f8e7225de17933d0946b6df03fc1c Run State: SUCCEEDED
[2025-02-11T16:25:35.082+0000] {glue.py:209} INFO - AWS Glue Job: etloregon status: SUCCEEDED. Run Id: jr_f5fca51b5d3e03a0626c8e6f7273bdcb3d9f8e7225de17933d0946b6df03fc1c
[2025-02-11T16:25:35.088+0000] {taskinstance.py:441} INFO - ::group::Post task execution logs
[2025-02-11T16:25:35.148+0000] {taskinstance.py:1205} INFO - Marking task as SUCCESS. dag_id=DAG_ETL_glue, task_id=submit_glue_job, execution_date=20250211T162401, start_date=20250211T162410, end_date=20250211T162535
[2025-02-11T16:25:35.243+0000] {local_task_job_runner.py:240} INFO - Task exited with return code 0
[2025-02-11T16:25:35.286+0000] {taskinstance.py:3482} INFO - 0 downstream tasks scheduled from follow-on schedule check
[2025-02-11T16:25:35.291+0000] {local_task_job_runner.py:222} INFO - ::endgroup::
