[2025-02-11T14:48:57.131+0000] {local_task_job_runner.py:120} INFO - ::group::Pre task execution logs
[2025-02-11T14:48:57.166+0000] {taskinstance.py:2073} INFO - Dependencies all met for dep_context=non-requeueable deps ti=<TaskInstance: DAG_ETL_glue.submit_glue_job manual__2025-02-11T14:48:50.804942+00:00 [queued]>
[2025-02-11T14:48:57.180+0000] {taskinstance.py:2073} INFO - Dependencies all met for dep_context=requeueable deps ti=<TaskInstance: DAG_ETL_glue.submit_glue_job manual__2025-02-11T14:48:50.804942+00:00 [queued]>
[2025-02-11T14:48:57.181+0000] {taskinstance.py:2303} INFO - Starting attempt 1 of 2
[2025-02-11T14:48:57.208+0000] {taskinstance.py:2327} INFO - Executing <Task(GlueJobOperator): submit_glue_job> on 2025-02-11 14:48:50.804942+00:00
[2025-02-11T14:48:57.226+0000] {warnings.py:110} WARNING - /home/***/.local/lib/python3.12/site-packages/***/task/task_runner/standard_task_runner.py:61: DeprecationWarning: This process (pid=1035) is multi-threaded, use of fork() may lead to deadlocks in the child.
  pid = os.fork()

[2025-02-11T14:48:57.230+0000] {standard_task_runner.py:63} INFO - Started process 1039 to run task
[2025-02-11T14:48:57.231+0000] {standard_task_runner.py:90} INFO - Running: ['***', 'tasks', 'run', 'DAG_ETL_glue', 'submit_glue_job', 'manual__2025-02-11T14:48:50.804942+00:00', '--job-id', '9', '--raw', '--subdir', 'DAGS_FOLDER/first_dag.py', '--cfg-path', '/tmp/tmp91x6twyi']
[2025-02-11T14:48:57.237+0000] {standard_task_runner.py:91} INFO - Job 9: Subtask submit_glue_job
[2025-02-11T14:48:57.336+0000] {task_command.py:426} INFO - Running <TaskInstance: DAG_ETL_glue.submit_glue_job manual__2025-02-11T14:48:50.804942+00:00 [running]> on host 9a237c96c334
[2025-02-11T14:48:57.535+0000] {taskinstance.py:2644} INFO - Exporting env vars: AIRFLOW_CTX_DAG_OWNER='Andres Urrea' AIRFLOW_CTX_DAG_ID='DAG_ETL_glue' AIRFLOW_CTX_TASK_ID='submit_glue_job' AIRFLOW_CTX_EXECUTION_DATE='2025-02-11T14:48:50.804942+00:00' AIRFLOW_CTX_TRY_NUMBER='1' AIRFLOW_CTX_DAG_RUN_ID='manual__2025-02-11T14:48:50.804942+00:00'
[2025-02-11T14:48:57.540+0000] {taskinstance.py:430} INFO - ::endgroup::
[2025-02-11T14:48:57.541+0000] {glue.py:173} INFO - Initializing AWS Glue Job: etloregon. Wait for completion: True
[2025-02-11T14:48:57.542+0000] {glue.py:356} INFO - Checking if job already exists: etloregon
[2025-02-11T14:48:57.562+0000] {base.py:84} INFO - Using connection ID 'aws_default' for task execution.
[2025-02-11T14:48:57.564+0000] {connection_wrapper.py:384} INFO - AWS Connection (conn_id='aws_default', conn_type='aws') credentials retrieved from login and password.
[2025-02-11T14:48:59.455+0000] {glue.py:194} INFO - You can monitor this Glue Job run at: https://console.aws.amazon.com/gluestudio/home?region=us-west-2#/job/etloregon/run/jr_9ab1a2a4123637a20993b9681e2f7713ad590998190a02ec741169b1a0243921
[2025-02-11T14:48:59.679+0000] {glue.py:339} INFO - Polling for AWS Glue Job etloregon current run state with status RUNNING
[2025-02-11T14:49:05.932+0000] {glue.py:339} INFO - Polling for AWS Glue Job etloregon current run state with status RUNNING
[2025-02-11T14:49:12.150+0000] {glue.py:339} INFO - Polling for AWS Glue Job etloregon current run state with status RUNNING
[2025-02-11T14:49:18.366+0000] {glue.py:339} INFO - Polling for AWS Glue Job etloregon current run state with status RUNNING
[2025-02-11T14:49:24.576+0000] {glue.py:339} INFO - Polling for AWS Glue Job etloregon current run state with status RUNNING
[2025-02-11T14:49:30.795+0000] {glue.py:339} INFO - Polling for AWS Glue Job etloregon current run state with status RUNNING
[2025-02-11T14:49:37.024+0000] {glue.py:339} INFO - Polling for AWS Glue Job etloregon current run state with status RUNNING
[2025-02-11T14:49:43.243+0000] {glue.py:339} INFO - Polling for AWS Glue Job etloregon current run state with status RUNNING
[2025-02-11T14:49:49.450+0000] {glue.py:339} INFO - Polling for AWS Glue Job etloregon current run state with status RUNNING
[2025-02-11T14:49:55.669+0000] {glue.py:339} INFO - Polling for AWS Glue Job etloregon current run state with status RUNNING
[2025-02-11T14:50:01.871+0000] {glue.py:339} INFO - Polling for AWS Glue Job etloregon current run state with status RUNNING
[2025-02-11T14:50:08.089+0000] {glue.py:339} INFO - Polling for AWS Glue Job etloregon current run state with status RUNNING
[2025-02-11T14:50:14.406+0000] {glue.py:332} INFO - Exiting Job jr_9ab1a2a4123637a20993b9681e2f7713ad590998190a02ec741169b1a0243921 Run State: SUCCEEDED
[2025-02-11T14:50:14.407+0000] {glue.py:209} INFO - AWS Glue Job: etloregon status: SUCCEEDED. Run Id: jr_9ab1a2a4123637a20993b9681e2f7713ad590998190a02ec741169b1a0243921
[2025-02-11T14:50:14.408+0000] {taskinstance.py:441} INFO - ::group::Post task execution logs
[2025-02-11T14:50:14.438+0000] {taskinstance.py:1205} INFO - Marking task as SUCCESS. dag_id=DAG_ETL_glue, task_id=submit_glue_job, execution_date=20250211T144850, start_date=20250211T144857, end_date=20250211T145014
[2025-02-11T14:50:14.503+0000] {local_task_job_runner.py:240} INFO - Task exited with return code 0
[2025-02-11T14:50:14.527+0000] {taskinstance.py:3482} INFO - 0 downstream tasks scheduled from follow-on schedule check
[2025-02-11T14:50:14.530+0000] {local_task_job_runner.py:222} INFO - ::endgroup::
