[2025-02-12T23:14:43.237+0000] {local_task_job_runner.py:120} INFO - ::group::Pre task execution logs
[2025-02-12T23:14:43.271+0000] {taskinstance.py:2073} INFO - Dependencies all met for dep_context=non-requeueable deps ti=<TaskInstance: DAG_INETUM_ETL.submit_glue_job manual__2025-02-12T23:04:57.881132+00:00 [queued]>
[2025-02-12T23:14:43.289+0000] {taskinstance.py:2073} INFO - Dependencies all met for dep_context=requeueable deps ti=<TaskInstance: DAG_INETUM_ETL.submit_glue_job manual__2025-02-12T23:04:57.881132+00:00 [queued]>
[2025-02-12T23:14:43.290+0000] {taskinstance.py:2303} INFO - Starting attempt 2 of 2
[2025-02-12T23:14:43.316+0000] {taskinstance.py:2327} INFO - Executing <Task(GlueJobOperator): submit_glue_job> on 2025-02-12 23:04:57.881132+00:00
[2025-02-12T23:14:43.329+0000] {warnings.py:110} WARNING - /home/***/.local/lib/python3.12/site-packages/***/task/task_runner/standard_task_runner.py:61: DeprecationWarning: This process (pid=417) is multi-threaded, use of fork() may lead to deadlocks in the child.
  pid = os.fork()

[2025-02-12T23:14:43.332+0000] {standard_task_runner.py:63} INFO - Started process 419 to run task
[2025-02-12T23:14:43.334+0000] {standard_task_runner.py:90} INFO - Running: ['***', 'tasks', 'run', 'DAG_INETUM_ETL', 'submit_glue_job', 'manual__2025-02-12T23:04:57.881132+00:00', '--job-id', '55', '--raw', '--subdir', 'DAGS_FOLDER/dag_etl.py', '--cfg-path', '/tmp/tmpb42zdm84']
[2025-02-12T23:14:43.337+0000] {standard_task_runner.py:91} INFO - Job 55: Subtask submit_glue_job
[2025-02-12T23:14:43.424+0000] {task_command.py:426} INFO - Running <TaskInstance: DAG_INETUM_ETL.submit_glue_job manual__2025-02-12T23:04:57.881132+00:00 [running]> on host 9a237c96c334
[2025-02-12T23:14:43.596+0000] {taskinstance.py:2644} INFO - Exporting env vars: AIRFLOW_CTX_DAG_OWNER='Andres Urrea' AIRFLOW_CTX_DAG_ID='DAG_INETUM_ETL' AIRFLOW_CTX_TASK_ID='submit_glue_job' AIRFLOW_CTX_EXECUTION_DATE='2025-02-12T23:04:57.881132+00:00' AIRFLOW_CTX_TRY_NUMBER='2' AIRFLOW_CTX_DAG_RUN_ID='manual__2025-02-12T23:04:57.881132+00:00'
[2025-02-12T23:14:43.599+0000] {taskinstance.py:430} INFO - ::endgroup::
[2025-02-12T23:14:43.600+0000] {glue.py:173} INFO - Initializing AWS Glue Job: inetum_job. Wait for completion: True
[2025-02-12T23:14:43.601+0000] {glue.py:356} INFO - Checking if job already exists: inetum_job
[2025-02-12T23:14:43.616+0000] {base.py:84} INFO - Using connection ID 'aws_default' for task execution.
[2025-02-12T23:14:43.618+0000] {connection_wrapper.py:384} INFO - AWS Connection (conn_id='aws_default', conn_type='aws') credentials retrieved from login and password.
[2025-02-12T23:14:45.611+0000] {glue.py:194} INFO - You can monitor this Glue Job run at: https://console.aws.amazon.com/gluestudio/home?region=us-west-2#/job/inetum_job/run/jr_d8d73d7f0c263c94471f06b367852f45665ef4781458c9b0199525c743741017
[2025-02-12T23:14:45.878+0000] {glue.py:339} INFO - Polling for AWS Glue Job inetum_job current run state with status RUNNING
[2025-02-12T23:14:52.310+0000] {glue.py:339} INFO - Polling for AWS Glue Job inetum_job current run state with status RUNNING
[2025-02-12T23:14:58.554+0000] {glue.py:339} INFO - Polling for AWS Glue Job inetum_job current run state with status RUNNING
[2025-02-12T23:15:04.797+0000] {glue.py:339} INFO - Polling for AWS Glue Job inetum_job current run state with status RUNNING
[2025-02-12T23:15:11.021+0000] {glue.py:339} INFO - Polling for AWS Glue Job inetum_job current run state with status RUNNING
[2025-02-12T23:15:17.249+0000] {glue.py:339} INFO - Polling for AWS Glue Job inetum_job current run state with status RUNNING
[2025-02-12T23:15:23.466+0000] {glue.py:339} INFO - Polling for AWS Glue Job inetum_job current run state with status RUNNING
[2025-02-12T23:15:29.688+0000] {glue.py:339} INFO - Polling for AWS Glue Job inetum_job current run state with status RUNNING
[2025-02-12T23:15:35.939+0000] {glue.py:339} INFO - Polling for AWS Glue Job inetum_job current run state with status RUNNING
[2025-02-12T23:15:42.168+0000] {glue.py:339} INFO - Polling for AWS Glue Job inetum_job current run state with status RUNNING
[2025-02-12T23:15:48.410+0000] {glue.py:339} INFO - Polling for AWS Glue Job inetum_job current run state with status RUNNING
[2025-02-12T23:15:54.643+0000] {glue.py:339} INFO - Polling for AWS Glue Job inetum_job current run state with status RUNNING
[2025-02-12T23:16:00.899+0000] {glue.py:339} INFO - Polling for AWS Glue Job inetum_job current run state with status RUNNING
[2025-02-12T23:16:07.182+0000] {glue.py:339} INFO - Polling for AWS Glue Job inetum_job current run state with status RUNNING
[2025-02-12T23:16:13.449+0000] {glue.py:339} INFO - Polling for AWS Glue Job inetum_job current run state with status RUNNING
[2025-02-12T23:16:19.649+0000] {glue.py:339} INFO - Polling for AWS Glue Job inetum_job current run state with status RUNNING
[2025-02-12T23:16:25.867+0000] {glue.py:339} INFO - Polling for AWS Glue Job inetum_job current run state with status RUNNING
[2025-02-12T23:16:32.081+0000] {glue.py:339} INFO - Polling for AWS Glue Job inetum_job current run state with status RUNNING
[2025-02-12T23:16:38.344+0000] {glue.py:339} INFO - Polling for AWS Glue Job inetum_job current run state with status RUNNING
[2025-02-12T23:16:44.587+0000] {glue.py:339} INFO - Polling for AWS Glue Job inetum_job current run state with status RUNNING
[2025-02-12T23:16:50.814+0000] {glue.py:339} INFO - Polling for AWS Glue Job inetum_job current run state with status RUNNING
[2025-02-12T23:16:57.058+0000] {glue.py:339} INFO - Polling for AWS Glue Job inetum_job current run state with status RUNNING
[2025-02-12T23:17:03.334+0000] {glue.py:339} INFO - Polling for AWS Glue Job inetum_job current run state with status RUNNING
[2025-02-12T23:17:09.564+0000] {glue.py:339} INFO - Polling for AWS Glue Job inetum_job current run state with status RUNNING
[2025-02-12T23:17:15.775+0000] {glue.py:339} INFO - Polling for AWS Glue Job inetum_job current run state with status RUNNING
[2025-02-12T23:17:22.004+0000] {glue.py:339} INFO - Polling for AWS Glue Job inetum_job current run state with status RUNNING
[2025-02-12T23:17:28.256+0000] {glue.py:339} INFO - Polling for AWS Glue Job inetum_job current run state with status RUNNING
[2025-02-12T23:17:34.486+0000] {glue.py:339} INFO - Polling for AWS Glue Job inetum_job current run state with status RUNNING
[2025-02-12T23:17:40.693+0000] {glue.py:339} INFO - Polling for AWS Glue Job inetum_job current run state with status RUNNING
[2025-02-12T23:17:46.918+0000] {glue.py:339} INFO - Polling for AWS Glue Job inetum_job current run state with status RUNNING
[2025-02-12T23:17:53.158+0000] {glue.py:339} INFO - Polling for AWS Glue Job inetum_job current run state with status RUNNING
[2025-02-12T23:17:59.383+0000] {glue.py:339} INFO - Polling for AWS Glue Job inetum_job current run state with status RUNNING
[2025-02-12T23:18:05.605+0000] {glue.py:339} INFO - Polling for AWS Glue Job inetum_job current run state with status RUNNING
[2025-02-12T23:18:11.824+0000] {glue.py:339} INFO - Polling for AWS Glue Job inetum_job current run state with status RUNNING
[2025-02-12T23:18:18.059+0000] {glue.py:339} INFO - Polling for AWS Glue Job inetum_job current run state with status RUNNING
[2025-02-12T23:18:24.346+0000] {glue.py:339} INFO - Polling for AWS Glue Job inetum_job current run state with status RUNNING
[2025-02-12T23:18:30.574+0000] {glue.py:339} INFO - Polling for AWS Glue Job inetum_job current run state with status RUNNING
[2025-02-12T23:18:36.820+0000] {glue.py:339} INFO - Polling for AWS Glue Job inetum_job current run state with status RUNNING
[2025-02-12T23:18:43.063+0000] {glue.py:339} INFO - Polling for AWS Glue Job inetum_job current run state with status RUNNING
[2025-02-12T23:18:49.343+0000] {glue.py:339} INFO - Polling for AWS Glue Job inetum_job current run state with status RUNNING
[2025-02-12T23:18:55.578+0000] {glue.py:339} INFO - Polling for AWS Glue Job inetum_job current run state with status RUNNING
[2025-02-12T23:19:01.806+0000] {glue.py:339} INFO - Polling for AWS Glue Job inetum_job current run state with status RUNNING
[2025-02-12T23:19:08.036+0000] {glue.py:339} INFO - Polling for AWS Glue Job inetum_job current run state with status RUNNING
[2025-02-12T23:19:14.304+0000] {glue.py:339} INFO - Polling for AWS Glue Job inetum_job current run state with status RUNNING
[2025-02-12T23:19:20.529+0000] {glue.py:339} INFO - Polling for AWS Glue Job inetum_job current run state with status RUNNING
[2025-02-12T23:19:26.784+0000] {glue.py:339} INFO - Polling for AWS Glue Job inetum_job current run state with status RUNNING
[2025-02-12T23:19:32.990+0000] {glue.py:336} INFO - Exiting Job jr_d8d73d7f0c263c94471f06b367852f45665ef4781458c9b0199525c743741017 Run State: FAILED
[2025-02-12T23:19:32.991+0000] {taskinstance.py:441} INFO - ::group::Post task execution logs
[2025-02-12T23:19:33.005+0000] {taskinstance.py:2890} ERROR - Task failed with exception
Traceback (most recent call last):
  File "/home/airflow/.local/lib/python3.12/site-packages/airflow/models/taskinstance.py", line 465, in _execute_task
    result = _execute_callable(context=context, **execute_callable_kwargs)
             ^^^^^^^^^^^^^^^^^^^^^^^^^^^^^^^^^^^^^^^^^^^^^^^^^^^^^^^^^^^^^
  File "/home/airflow/.local/lib/python3.12/site-packages/airflow/models/taskinstance.py", line 432, in _execute_callable
    return execute_callable(context=context, **execute_callable_kwargs)
           ^^^^^^^^^^^^^^^^^^^^^^^^^^^^^^^^^^^^^^^^^^^^^^^^^^^^^^^^^^^^
  File "/home/airflow/.local/lib/python3.12/site-packages/airflow/models/baseoperator.py", line 400, in wrapper
    return func(self, *args, **kwargs)
           ^^^^^^^^^^^^^^^^^^^^^^^^^^^
  File "/home/airflow/.local/lib/python3.12/site-packages/airflow/providers/amazon/aws/operators/glue.py", line 208, in execute
    glue_job_run = self.glue_job_hook.job_completion(self.job_name, self._job_run_id, self.verbose)
                   ^^^^^^^^^^^^^^^^^^^^^^^^^^^^^^^^^^^^^^^^^^^^^^^^^^^^^^^^^^^^^^^^^^^^^^^^^^^^^^^^
  File "/home/airflow/.local/lib/python3.12/site-packages/airflow/providers/amazon/aws/hooks/glue.py", line 288, in job_completion
    ret = self._handle_state(job_run_state, job_name, run_id, verbose, next_log_tokens)
          ^^^^^^^^^^^^^^^^^^^^^^^^^^^^^^^^^^^^^^^^^^^^^^^^^^^^^^^^^^^^^^^^^^^^^^^^^^^^^
  File "/home/airflow/.local/lib/python3.12/site-packages/airflow/providers/amazon/aws/hooks/glue.py", line 337, in _handle_state
    raise AirflowException(job_error_message)
airflow.exceptions.AirflowException: Exiting Job jr_d8d73d7f0c263c94471f06b367852f45665ef4781458c9b0199525c743741017 Run State: FAILED
[2025-02-12T23:19:33.010+0000] {taskinstance.py:1205} INFO - Marking task as FAILED. dag_id=DAG_INETUM_ETL, task_id=submit_glue_job, execution_date=20250212T230457, start_date=20250212T231443, end_date=20250212T231933
[2025-02-12T23:19:33.031+0000] {standard_task_runner.py:110} ERROR - Failed to execute job 55 for task submit_glue_job (Exiting Job jr_d8d73d7f0c263c94471f06b367852f45665ef4781458c9b0199525c743741017 Run State: FAILED; 419)
[2025-02-12T23:19:33.084+0000] {local_task_job_runner.py:240} INFO - Task exited with return code 1
[2025-02-12T23:19:33.117+0000] {taskinstance.py:3482} INFO - 0 downstream tasks scheduled from follow-on schedule check
[2025-02-12T23:19:33.123+0000] {local_task_job_runner.py:222} INFO - ::endgroup::
