[2025-02-12T23:05:31.886+0000] {local_task_job_runner.py:120} INFO - ::group::Pre task execution logs
[2025-02-12T23:05:31.918+0000] {taskinstance.py:2073} INFO - Dependencies all met for dep_context=non-requeueable deps ti=<TaskInstance: DAG_INETUM_ETL.run_glue_crawler manual__2025-02-12T23:04:57.881132+00:00 [queued]>
[2025-02-12T23:05:31.934+0000] {taskinstance.py:2073} INFO - Dependencies all met for dep_context=requeueable deps ti=<TaskInstance: DAG_INETUM_ETL.run_glue_crawler manual__2025-02-12T23:04:57.881132+00:00 [queued]>
[2025-02-12T23:05:31.936+0000] {taskinstance.py:2303} INFO - Starting attempt 1 of 2
[2025-02-12T23:05:31.964+0000] {taskinstance.py:2327} INFO - Executing <Task(GlueCrawlerOperator): run_glue_crawler> on 2025-02-12 23:04:57.881132+00:00
[2025-02-12T23:05:31.976+0000] {warnings.py:110} WARNING - /home/***/.local/lib/python3.12/site-packages/***/task/task_runner/standard_task_runner.py:61: DeprecationWarning: This process (pid=296) is multi-threaded, use of fork() may lead to deadlocks in the child.
  pid = os.fork()

[2025-02-12T23:05:31.979+0000] {standard_task_runner.py:63} INFO - Started process 298 to run task
[2025-02-12T23:05:31.979+0000] {standard_task_runner.py:90} INFO - Running: ['***', 'tasks', 'run', 'DAG_INETUM_ETL', 'run_glue_crawler', 'manual__2025-02-12T23:04:57.881132+00:00', '--job-id', '52', '--raw', '--subdir', 'DAGS_FOLDER/dag_etl.py', '--cfg-path', '/tmp/tmpeegep84b']
[2025-02-12T23:05:31.982+0000] {standard_task_runner.py:91} INFO - Job 52: Subtask run_glue_crawler
[2025-02-12T23:05:32.068+0000] {task_command.py:426} INFO - Running <TaskInstance: DAG_INETUM_ETL.run_glue_crawler manual__2025-02-12T23:04:57.881132+00:00 [running]> on host 9a237c96c334
[2025-02-12T23:05:32.315+0000] {taskinstance.py:2644} INFO - Exporting env vars: AIRFLOW_CTX_DAG_OWNER='Andres Urrea' AIRFLOW_CTX_DAG_ID='DAG_INETUM_ETL' AIRFLOW_CTX_TASK_ID='run_glue_crawler' AIRFLOW_CTX_EXECUTION_DATE='2025-02-12T23:04:57.881132+00:00' AIRFLOW_CTX_TRY_NUMBER='1' AIRFLOW_CTX_DAG_RUN_ID='manual__2025-02-12T23:04:57.881132+00:00'
[2025-02-12T23:05:32.319+0000] {taskinstance.py:430} INFO - ::endgroup::
[2025-02-12T23:05:32.320+0000] {glue_crawler.py:57} INFO - Checking if crawler already exists: crawler_source_flightnews
[2025-02-12T23:05:32.352+0000] {base.py:84} INFO - Using connection ID 'aws_default' for task execution.
[2025-02-12T23:05:32.355+0000] {connection_wrapper.py:384} INFO - AWS Connection (conn_id='aws_default', conn_type='aws') credentials retrieved from login and password.
[2025-02-12T23:05:34.461+0000] {glue_crawler.py:98} INFO - Triggering AWS Glue Crawler
[2025-02-12T23:05:34.462+0000] {glue_crawler.py:170} INFO - Starting crawler crawler_source_flightnews
[2025-02-12T23:05:45.895+0000] {glue_crawler.py:110} INFO - Waiting for AWS Glue Crawler
[2025-02-12T23:09:30.888+0000] {glue_crawler.py:185} INFO - crawler_config: {'Name': 'crawler_source_flightnews', 'Role': 'service-role/AWSGlueServiceRole-s3-fullacces-glue-au', 'Targets': {'S3Targets': [{'Path': 's3://source-data-spacenews', 'Exclusions': []}], 'JdbcTargets': [], 'MongoDBTargets': [], 'DynamoDBTargets': [], 'CatalogTargets': [], 'DeltaTargets': [], 'IcebergTargets': [], 'HudiTargets': []}, 'DatabaseName': 'dbflightnews', 'Description': 'this crawler verify the structure and metadata of date extracted of API FlightNews', 'Classifiers': [], 'RecrawlPolicy': {'RecrawlBehavior': 'CRAWL_EVERYTHING'}, 'SchemaChangePolicy': {'UpdateBehavior': 'UPDATE_IN_DATABASE', 'DeleteBehavior': 'DEPRECATE_IN_DATABASE'}, 'LineageConfiguration': {'CrawlerLineageSettings': 'DISABLE'}, 'State': 'READY', 'CrawlElapsedTime': 0, 'CreationTime': datetime.datetime(2025, 2, 11, 19, 24, 49, tzinfo=tzlocal()), 'LastUpdated': datetime.datetime(2025, 2, 11, 19, 24, 49, tzinfo=tzlocal()), 'LastCrawl': {'Status': 'SUCCEEDED', 'LogGroup': '/aws-glue/crawlers', 'LogStream': 'crawler_source_flightnews', 'MessagePrefix': '263ec225-1ad6-4dc2-ae21-c495130cb7e8', 'StartTime': datetime.datetime(2025, 2, 12, 23, 5, 35, tzinfo=tzlocal())}, 'Version': 1, 'Configuration': '{"Version":1.0,"CreatePartitionIndex":true}', 'LakeFormationConfiguration': {'UseLakeFormationCredentials': False, 'AccountId': ''}}
[2025-02-12T23:09:31.078+0000] {glue_crawler.py:190} INFO - Status: SUCCEEDED
[2025-02-12T23:09:31.079+0000] {glue_crawler.py:191} INFO - Last Runtime Duration (seconds): 80.568
[2025-02-12T23:09:31.080+0000] {glue_crawler.py:192} INFO - Median Runtime Duration (seconds): 65.631
[2025-02-12T23:09:31.081+0000] {glue_crawler.py:193} INFO - Tables Created: 0
[2025-02-12T23:09:31.082+0000] {glue_crawler.py:194} INFO - Tables Updated: 1
[2025-02-12T23:09:31.083+0000] {glue_crawler.py:195} INFO - Tables Deleted: 0
[2025-02-12T23:09:31.083+0000] {taskinstance.py:441} INFO - ::group::Post task execution logs
[2025-02-12T23:09:31.127+0000] {taskinstance.py:1205} INFO - Marking task as SUCCESS. dag_id=DAG_INETUM_ETL, task_id=run_glue_crawler, execution_date=20250212T230457, start_date=20250212T230531, end_date=20250212T230931
[2025-02-12T23:09:31.210+0000] {local_task_job_runner.py:240} INFO - Task exited with return code 0
[2025-02-12T23:09:31.257+0000] {taskinstance.py:3482} INFO - 1 downstream tasks scheduled from follow-on schedule check
[2025-02-12T23:09:31.261+0000] {local_task_job_runner.py:222} INFO - ::endgroup::
