[2025-02-13T04:36:38.095+0000] {local_task_job_runner.py:120} INFO - ::group::Pre task execution logs
[2025-02-13T04:36:38.138+0000] {taskinstance.py:2073} INFO - Dependencies all met for dep_context=non-requeueable deps ti=<TaskInstance: DAG_INETUM_ETL.run_glue_crawler manual__2025-02-13T04:36:03.187433+00:00 [queued]>
[2025-02-13T04:36:38.157+0000] {taskinstance.py:2073} INFO - Dependencies all met for dep_context=requeueable deps ti=<TaskInstance: DAG_INETUM_ETL.run_glue_crawler manual__2025-02-13T04:36:03.187433+00:00 [queued]>
[2025-02-13T04:36:38.158+0000] {taskinstance.py:2303} INFO - Starting attempt 1 of 2
[2025-02-13T04:36:38.192+0000] {taskinstance.py:2327} INFO - Executing <Task(GlueCrawlerOperator): run_glue_crawler> on 2025-02-13 04:36:03.187433+00:00
[2025-02-13T04:36:38.206+0000] {warnings.py:110} WARNING - /home/***/.local/lib/python3.12/site-packages/***/task/task_runner/standard_task_runner.py:61: DeprecationWarning: This process (pid=4376) is multi-threaded, use of fork() may lead to deadlocks in the child.
  pid = os.fork()

[2025-02-13T04:36:38.210+0000] {standard_task_runner.py:63} INFO - Started process 4378 to run task
[2025-02-13T04:36:38.212+0000] {standard_task_runner.py:90} INFO - Running: ['***', 'tasks', 'run', 'DAG_INETUM_ETL', 'run_glue_crawler', 'manual__2025-02-13T04:36:03.187433+00:00', '--job-id', '71', '--raw', '--subdir', 'DAGS_FOLDER/dag_etl.py', '--cfg-path', '/tmp/tmpgc3btyy6']
[2025-02-13T04:36:38.215+0000] {standard_task_runner.py:91} INFO - Job 71: Subtask run_glue_crawler
[2025-02-13T04:36:38.332+0000] {task_command.py:426} INFO - Running <TaskInstance: DAG_INETUM_ETL.run_glue_crawler manual__2025-02-13T04:36:03.187433+00:00 [running]> on host 9a237c96c334
[2025-02-13T04:36:38.593+0000] {taskinstance.py:2644} INFO - Exporting env vars: AIRFLOW_CTX_DAG_OWNER='Andres Urrea' AIRFLOW_CTX_DAG_ID='DAG_INETUM_ETL' AIRFLOW_CTX_TASK_ID='run_glue_crawler' AIRFLOW_CTX_EXECUTION_DATE='2025-02-13T04:36:03.187433+00:00' AIRFLOW_CTX_TRY_NUMBER='1' AIRFLOW_CTX_DAG_RUN_ID='manual__2025-02-13T04:36:03.187433+00:00'
[2025-02-13T04:36:38.597+0000] {taskinstance.py:430} INFO - ::endgroup::
[2025-02-13T04:36:38.599+0000] {glue_crawler.py:57} INFO - Checking if crawler already exists: crawler_source_flightnews
[2025-02-13T04:36:38.631+0000] {base.py:84} INFO - Using connection ID 'aws_default' for task execution.
[2025-02-13T04:36:38.633+0000] {connection_wrapper.py:384} INFO - AWS Connection (conn_id='aws_default', conn_type='aws') credentials retrieved from login and password.
[2025-02-13T04:36:40.869+0000] {glue_crawler.py:98} INFO - Triggering AWS Glue Crawler
[2025-02-13T04:36:40.870+0000] {glue_crawler.py:170} INFO - Starting crawler crawler_source_flightnews
[2025-02-13T04:36:41.400+0000] {glue_crawler.py:110} INFO - Waiting for AWS Glue Crawler
[2025-02-13T04:39:45.586+0000] {glue_crawler.py:185} INFO - crawler_config: {'Name': 'crawler_source_flightnews', 'Role': 'service-role/AWSGlueServiceRole-s3-fullacces-glue-au', 'Targets': {'S3Targets': [{'Path': 's3://source-data-spacenews', 'Exclusions': []}], 'JdbcTargets': [], 'MongoDBTargets': [], 'DynamoDBTargets': [], 'CatalogTargets': [], 'DeltaTargets': [], 'IcebergTargets': [], 'HudiTargets': []}, 'DatabaseName': 'dbflightnews', 'Description': 'this crawler verify the structure and metadata of date extracted of API FlightNews', 'Classifiers': [], 'RecrawlPolicy': {'RecrawlBehavior': 'CRAWL_EVERYTHING'}, 'SchemaChangePolicy': {'UpdateBehavior': 'UPDATE_IN_DATABASE', 'DeleteBehavior': 'DEPRECATE_IN_DATABASE'}, 'LineageConfiguration': {'CrawlerLineageSettings': 'DISABLE'}, 'State': 'READY', 'CrawlElapsedTime': 0, 'CreationTime': datetime.datetime(2025, 2, 11, 19, 24, 49, tzinfo=tzlocal()), 'LastUpdated': datetime.datetime(2025, 2, 11, 19, 24, 49, tzinfo=tzlocal()), 'LastCrawl': {'Status': 'SUCCEEDED', 'LogGroup': '/aws-glue/crawlers', 'LogStream': 'crawler_source_flightnews', 'MessagePrefix': '275d48bc-72a1-49b7-8253-5704fb1600a3', 'StartTime': datetime.datetime(2025, 2, 13, 4, 36, 42, tzinfo=tzlocal())}, 'Version': 1, 'Configuration': '{"Version":1.0,"CreatePartitionIndex":true}', 'LakeFormationConfiguration': {'UseLakeFormationCredentials': False, 'AccountId': ''}}
[2025-02-13T04:39:45.775+0000] {glue_crawler.py:190} INFO - Status: SUCCEEDED
[2025-02-13T04:39:45.776+0000] {glue_crawler.py:191} INFO - Last Runtime Duration (seconds): 69.337
[2025-02-13T04:39:45.778+0000] {glue_crawler.py:192} INFO - Median Runtime Duration (seconds): 70.30199999999999
[2025-02-13T04:39:45.779+0000] {glue_crawler.py:193} INFO - Tables Created: 0
[2025-02-13T04:39:45.780+0000] {glue_crawler.py:194} INFO - Tables Updated: 0
[2025-02-13T04:39:45.780+0000] {glue_crawler.py:195} INFO - Tables Deleted: 0
[2025-02-13T04:39:45.781+0000] {taskinstance.py:441} INFO - ::group::Post task execution logs
[2025-02-13T04:39:45.827+0000] {taskinstance.py:1205} INFO - Marking task as SUCCESS. dag_id=DAG_INETUM_ETL, task_id=run_glue_crawler, execution_date=20250213T043603, start_date=20250213T043638, end_date=20250213T043945
[2025-02-13T04:39:45.898+0000] {local_task_job_runner.py:240} INFO - Task exited with return code 0
[2025-02-13T04:39:45.947+0000] {taskinstance.py:3482} INFO - 1 downstream tasks scheduled from follow-on schedule check
[2025-02-13T04:39:45.950+0000] {local_task_job_runner.py:222} INFO - ::endgroup::
