[2025-02-12T22:53:43.783+0000] {local_task_job_runner.py:120} INFO - ::group::Pre task execution logs
[2025-02-12T22:53:43.817+0000] {taskinstance.py:2073} INFO - Dependencies all met for dep_context=non-requeueable deps ti=<TaskInstance: DAG_INETUM_ETL.run_glue_crawler manual__2025-02-12T22:53:05.311760+00:00 [queued]>
[2025-02-12T22:53:43.834+0000] {taskinstance.py:2073} INFO - Dependencies all met for dep_context=requeueable deps ti=<TaskInstance: DAG_INETUM_ETL.run_glue_crawler manual__2025-02-12T22:53:05.311760+00:00 [queued]>
[2025-02-12T22:53:43.835+0000] {taskinstance.py:2303} INFO - Starting attempt 1 of 2
[2025-02-12T22:53:43.868+0000] {taskinstance.py:2327} INFO - Executing <Task(GlueCrawlerOperator): run_glue_crawler> on 2025-02-12 22:53:05.311760+00:00
[2025-02-12T22:53:43.880+0000] {warnings.py:110} WARNING - /home/***/.local/lib/python3.12/site-packages/***/task/task_runner/standard_task_runner.py:61: DeprecationWarning: This process (pid=135) is multi-threaded, use of fork() may lead to deadlocks in the child.
  pid = os.fork()

[2025-02-12T22:53:43.883+0000] {standard_task_runner.py:63} INFO - Started process 137 to run task
[2025-02-12T22:53:43.884+0000] {standard_task_runner.py:90} INFO - Running: ['***', 'tasks', 'run', 'DAG_INETUM_ETL', 'run_glue_crawler', 'manual__2025-02-12T22:53:05.311760+00:00', '--job-id', '46', '--raw', '--subdir', 'DAGS_FOLDER/dag_etl.py', '--cfg-path', '/tmp/tmpxqsb079s']
[2025-02-12T22:53:43.886+0000] {standard_task_runner.py:91} INFO - Job 46: Subtask run_glue_crawler
[2025-02-12T22:53:43.988+0000] {task_command.py:426} INFO - Running <TaskInstance: DAG_INETUM_ETL.run_glue_crawler manual__2025-02-12T22:53:05.311760+00:00 [running]> on host 9a237c96c334
[2025-02-12T22:53:44.217+0000] {taskinstance.py:2644} INFO - Exporting env vars: AIRFLOW_CTX_DAG_OWNER='Andres Urrea' AIRFLOW_CTX_DAG_ID='DAG_INETUM_ETL' AIRFLOW_CTX_TASK_ID='run_glue_crawler' AIRFLOW_CTX_EXECUTION_DATE='2025-02-12T22:53:05.311760+00:00' AIRFLOW_CTX_TRY_NUMBER='1' AIRFLOW_CTX_DAG_RUN_ID='manual__2025-02-12T22:53:05.311760+00:00'
[2025-02-12T22:53:44.220+0000] {taskinstance.py:430} INFO - ::endgroup::
[2025-02-12T22:53:44.224+0000] {glue_crawler.py:57} INFO - Checking if crawler already exists: crawler_source_flightnews
[2025-02-12T22:53:44.244+0000] {base.py:84} INFO - Using connection ID 'aws_default' for task execution.
[2025-02-12T22:53:44.245+0000] {connection_wrapper.py:384} INFO - AWS Connection (conn_id='aws_default', conn_type='aws') credentials retrieved from login and password.
[2025-02-12T22:53:46.756+0000] {glue_crawler.py:98} INFO - Triggering AWS Glue Crawler
[2025-02-12T22:53:46.757+0000] {glue_crawler.py:170} INFO - Starting crawler crawler_source_flightnews
[2025-02-12T22:53:47.285+0000] {glue_crawler.py:110} INFO - Waiting for AWS Glue Crawler
[2025-02-12T22:57:32.540+0000] {glue_crawler.py:185} INFO - crawler_config: {'Name': 'crawler_source_flightnews', 'Role': 'service-role/AWSGlueServiceRole-s3-fullacces-glue-au', 'Targets': {'S3Targets': [{'Path': 's3://source-data-spacenews', 'Exclusions': []}], 'JdbcTargets': [], 'MongoDBTargets': [], 'DynamoDBTargets': [], 'CatalogTargets': [], 'DeltaTargets': [], 'IcebergTargets': [], 'HudiTargets': []}, 'DatabaseName': 'dbflightnews', 'Description': 'this crawler verify the structure and metadata of date extracted of API FlightNews', 'Classifiers': [], 'RecrawlPolicy': {'RecrawlBehavior': 'CRAWL_EVERYTHING'}, 'SchemaChangePolicy': {'UpdateBehavior': 'UPDATE_IN_DATABASE', 'DeleteBehavior': 'DEPRECATE_IN_DATABASE'}, 'LineageConfiguration': {'CrawlerLineageSettings': 'DISABLE'}, 'State': 'READY', 'CrawlElapsedTime': 0, 'CreationTime': datetime.datetime(2025, 2, 11, 19, 24, 49, tzinfo=tzlocal()), 'LastUpdated': datetime.datetime(2025, 2, 11, 19, 24, 49, tzinfo=tzlocal()), 'LastCrawl': {'Status': 'SUCCEEDED', 'LogGroup': '/aws-glue/crawlers', 'LogStream': 'crawler_source_flightnews', 'MessagePrefix': '18b38af0-9155-4faf-89f2-6333a9068c33', 'StartTime': datetime.datetime(2025, 2, 12, 22, 53, 47, tzinfo=tzlocal())}, 'Version': 1, 'Configuration': '{"Version":1.0,"CreatePartitionIndex":true}', 'LakeFormationConfiguration': {'UseLakeFormationCredentials': False, 'AccountId': ''}}
[2025-02-12T22:57:32.743+0000] {glue_crawler.py:190} INFO - Status: SUCCEEDED
[2025-02-12T22:57:32.744+0000] {glue_crawler.py:191} INFO - Last Runtime Duration (seconds): 61.172
[2025-02-12T22:57:32.745+0000] {glue_crawler.py:192} INFO - Median Runtime Duration (seconds): 63.4015
[2025-02-12T22:57:32.746+0000] {glue_crawler.py:193} INFO - Tables Created: 2
[2025-02-12T22:57:32.747+0000] {glue_crawler.py:194} INFO - Tables Updated: 1
[2025-02-12T22:57:32.747+0000] {glue_crawler.py:195} INFO - Tables Deleted: 0
[2025-02-12T22:57:32.748+0000] {taskinstance.py:441} INFO - ::group::Post task execution logs
[2025-02-12T22:57:32.793+0000] {taskinstance.py:1205} INFO - Marking task as SUCCESS. dag_id=DAG_INETUM_ETL, task_id=run_glue_crawler, execution_date=20250212T225305, start_date=20250212T225343, end_date=20250212T225732
[2025-02-12T22:57:32.875+0000] {local_task_job_runner.py:240} INFO - Task exited with return code 0
[2025-02-12T22:57:32.925+0000] {taskinstance.py:3482} INFO - 1 downstream tasks scheduled from follow-on schedule check
[2025-02-12T22:57:32.928+0000] {local_task_job_runner.py:222} INFO - ::endgroup::
