[2025-02-11T16:24:09.502+0000] {local_task_job_runner.py:120} INFO - ::group::Pre task execution logs
[2025-02-11T16:24:09.575+0000] {taskinstance.py:2073} INFO - Dependencies all met for dep_context=non-requeueable deps ti=<TaskInstance: DAG_ETL_glue.create_dataframe manual__2025-02-11T16:24:01.789563+00:00 [queued]>
[2025-02-11T16:24:09.618+0000] {taskinstance.py:2073} INFO - Dependencies all met for dep_context=requeueable deps ti=<TaskInstance: DAG_ETL_glue.create_dataframe manual__2025-02-11T16:24:01.789563+00:00 [queued]>
[2025-02-11T16:24:09.620+0000] {taskinstance.py:2303} INFO - Starting attempt 1 of 2
[2025-02-11T16:24:09.695+0000] {taskinstance.py:2327} INFO - Executing <Task(PythonOperator): create_dataframe> on 2025-02-11 16:24:01.789563+00:00
[2025-02-11T16:24:09.729+0000] {warnings.py:110} WARNING - /home/***/.local/lib/python3.12/site-packages/***/task/task_runner/standard_task_runner.py:61: DeprecationWarning: This process (pid=2198) is multi-threaded, use of fork() may lead to deadlocks in the child.
  pid = os.fork()

[2025-02-11T16:24:09.740+0000] {standard_task_runner.py:90} INFO - Running: ['***', 'tasks', 'run', 'DAG_ETL_glue', 'create_dataframe', 'manual__2025-02-11T16:24:01.789563+00:00', '--job-id', '10', '--raw', '--subdir', 'DAGS_FOLDER/first_dag.py', '--cfg-path', '/tmp/tmpcdzprbrl']
[2025-02-11T16:24:09.745+0000] {standard_task_runner.py:91} INFO - Job 10: Subtask create_dataframe
[2025-02-11T16:24:09.744+0000] {standard_task_runner.py:63} INFO - Started process 2210 to run task
[2025-02-11T16:24:09.975+0000] {task_command.py:426} INFO - Running <TaskInstance: DAG_ETL_glue.create_dataframe manual__2025-02-11T16:24:01.789563+00:00 [running]> on host 9a237c96c334
[2025-02-11T16:24:10.237+0000] {taskinstance.py:2644} INFO - Exporting env vars: AIRFLOW_CTX_DAG_OWNER='Andres Urrea' AIRFLOW_CTX_DAG_ID='DAG_ETL_glue' AIRFLOW_CTX_TASK_ID='create_dataframe' AIRFLOW_CTX_EXECUTION_DATE='2025-02-11T16:24:01.789563+00:00' AIRFLOW_CTX_TRY_NUMBER='1' AIRFLOW_CTX_DAG_RUN_ID='manual__2025-02-11T16:24:01.789563+00:00'
[2025-02-11T16:24:10.241+0000] {taskinstance.py:430} INFO - ::endgroup::
[2025-02-11T16:24:10.279+0000] {logging_mixin.py:188} INFO - DataFrame guardado en /tmp/archivo.json
[2025-02-11T16:24:10.281+0000] {python.py:237} INFO - Done. Returned value was: None
[2025-02-11T16:24:10.281+0000] {taskinstance.py:441} INFO - ::group::Post task execution logs
[2025-02-11T16:24:10.308+0000] {taskinstance.py:1205} INFO - Marking task as SUCCESS. dag_id=DAG_ETL_glue, task_id=create_dataframe, execution_date=20250211T162401, start_date=20250211T162409, end_date=20250211T162410
[2025-02-11T16:24:10.374+0000] {local_task_job_runner.py:240} INFO - Task exited with return code 0
[2025-02-11T16:24:10.446+0000] {taskinstance.py:3482} INFO - 1 downstream tasks scheduled from follow-on schedule check
[2025-02-11T16:24:10.451+0000] {local_task_job_runner.py:222} INFO - ::endgroup::
