[2025-02-13T05:59:55.467+0000] {local_task_job_runner.py:120} INFO - ::group::Pre task execution logs
[2025-02-13T05:59:55.494+0000] {taskinstance.py:2073} INFO - Dependencies all met for dep_context=non-requeueable deps ti=<TaskInstance: DAG_INETUM_ETL.submit_glue_job manual__2025-02-13T05:56:39.893424+00:00 [queued]>
[2025-02-13T05:59:55.506+0000] {taskinstance.py:2073} INFO - Dependencies all met for dep_context=requeueable deps ti=<TaskInstance: DAG_INETUM_ETL.submit_glue_job manual__2025-02-13T05:56:39.893424+00:00 [queued]>
[2025-02-13T05:59:55.507+0000] {taskinstance.py:2303} INFO - Starting attempt 1 of 2
[2025-02-13T05:59:55.532+0000] {taskinstance.py:2327} INFO - Executing <Task(GlueJobOperator): submit_glue_job> on 2025-02-13 05:56:39.893424+00:00
[2025-02-13T05:59:55.542+0000] {warnings.py:110} WARNING - /home/***/.local/lib/python3.12/site-packages/***/task/task_runner/standard_task_runner.py:61: DeprecationWarning: This process (pid=5398) is multi-threaded, use of fork() may lead to deadlocks in the child.
  pid = os.fork()

[2025-02-13T05:59:55.545+0000] {standard_task_runner.py:63} INFO - Started process 5400 to run task
[2025-02-13T05:59:55.546+0000] {standard_task_runner.py:90} INFO - Running: ['***', 'tasks', 'run', 'DAG_INETUM_ETL', 'submit_glue_job', 'manual__2025-02-13T05:56:39.893424+00:00', '--job-id', '80', '--raw', '--subdir', 'DAGS_FOLDER/dag_etl.py', '--cfg-path', '/tmp/tmpjvg32p14']
[2025-02-13T05:59:55.548+0000] {standard_task_runner.py:91} INFO - Job 80: Subtask submit_glue_job
[2025-02-13T05:59:55.612+0000] {task_command.py:426} INFO - Running <TaskInstance: DAG_INETUM_ETL.submit_glue_job manual__2025-02-13T05:56:39.893424+00:00 [running]> on host 9a237c96c334
[2025-02-13T05:59:55.745+0000] {taskinstance.py:2644} INFO - Exporting env vars: AIRFLOW_CTX_DAG_OWNER='Andres Urrea' AIRFLOW_CTX_DAG_ID='DAG_INETUM_ETL' AIRFLOW_CTX_TASK_ID='submit_glue_job' AIRFLOW_CTX_EXECUTION_DATE='2025-02-13T05:56:39.893424+00:00' AIRFLOW_CTX_TRY_NUMBER='1' AIRFLOW_CTX_DAG_RUN_ID='manual__2025-02-13T05:56:39.893424+00:00'
[2025-02-13T05:59:55.747+0000] {taskinstance.py:430} INFO - ::endgroup::
[2025-02-13T05:59:55.748+0000] {glue.py:173} INFO - Initializing AWS Glue Job: inetum_job. Wait for completion: True
[2025-02-13T05:59:55.749+0000] {glue.py:356} INFO - Checking if job already exists: inetum_job
[2025-02-13T05:59:55.761+0000] {base.py:84} INFO - Using connection ID 'aws_default' for task execution.
[2025-02-13T05:59:55.763+0000] {connection_wrapper.py:384} INFO - AWS Connection (conn_id='aws_default', conn_type='aws') credentials retrieved from login and password.
[2025-02-13T05:59:57.519+0000] {glue.py:194} INFO - You can monitor this Glue Job run at: https://console.aws.amazon.com/gluestudio/home?region=us-west-2#/job/inetum_job/run/jr_4555a47dd5d57d6aec816dff3505bbb72f61f78366daad901057382ba29d7b19
[2025-02-13T05:59:57.729+0000] {glue.py:339} INFO - Polling for AWS Glue Job inetum_job current run state with status RUNNING
[2025-02-13T06:00:03.984+0000] {glue.py:339} INFO - Polling for AWS Glue Job inetum_job current run state with status RUNNING
[2025-02-13T06:00:10.203+0000] {glue.py:339} INFO - Polling for AWS Glue Job inetum_job current run state with status RUNNING
[2025-02-13T06:00:16.433+0000] {glue.py:339} INFO - Polling for AWS Glue Job inetum_job current run state with status RUNNING
[2025-02-13T06:00:22.666+0000] {glue.py:339} INFO - Polling for AWS Glue Job inetum_job current run state with status RUNNING
[2025-02-13T06:00:28.924+0000] {glue.py:339} INFO - Polling for AWS Glue Job inetum_job current run state with status RUNNING
[2025-02-13T06:00:35.130+0000] {glue.py:339} INFO - Polling for AWS Glue Job inetum_job current run state with status RUNNING
[2025-02-13T06:00:41.613+0000] {glue.py:339} INFO - Polling for AWS Glue Job inetum_job current run state with status RUNNING
[2025-02-13T06:00:47.862+0000] {glue.py:339} INFO - Polling for AWS Glue Job inetum_job current run state with status RUNNING
[2025-02-13T06:00:54.092+0000] {glue.py:339} INFO - Polling for AWS Glue Job inetum_job current run state with status RUNNING
[2025-02-13T06:01:00.316+0000] {glue.py:339} INFO - Polling for AWS Glue Job inetum_job current run state with status RUNNING
[2025-02-13T06:01:06.560+0000] {glue.py:339} INFO - Polling for AWS Glue Job inetum_job current run state with status RUNNING
[2025-02-13T06:01:12.769+0000] {glue.py:339} INFO - Polling for AWS Glue Job inetum_job current run state with status RUNNING
[2025-02-13T06:01:19.003+0000] {glue.py:339} INFO - Polling for AWS Glue Job inetum_job current run state with status RUNNING
[2025-02-13T06:01:25.225+0000] {glue.py:339} INFO - Polling for AWS Glue Job inetum_job current run state with status RUNNING
[2025-02-13T06:01:31.462+0000] {glue.py:339} INFO - Polling for AWS Glue Job inetum_job current run state with status RUNNING
[2025-02-13T06:01:37.675+0000] {glue.py:339} INFO - Polling for AWS Glue Job inetum_job current run state with status RUNNING
[2025-02-13T06:01:43.905+0000] {glue.py:339} INFO - Polling for AWS Glue Job inetum_job current run state with status RUNNING
[2025-02-13T06:01:50.114+0000] {glue.py:339} INFO - Polling for AWS Glue Job inetum_job current run state with status RUNNING
[2025-02-13T06:01:56.338+0000] {glue.py:339} INFO - Polling for AWS Glue Job inetum_job current run state with status RUNNING
[2025-02-13T06:02:02.575+0000] {glue.py:339} INFO - Polling for AWS Glue Job inetum_job current run state with status RUNNING
[2025-02-13T06:02:08.779+0000] {glue.py:339} INFO - Polling for AWS Glue Job inetum_job current run state with status RUNNING
[2025-02-13T06:02:15.851+0000] {glue.py:339} INFO - Polling for AWS Glue Job inetum_job current run state with status RUNNING
[2025-02-13T06:02:22.070+0000] {glue.py:339} INFO - Polling for AWS Glue Job inetum_job current run state with status RUNNING
[2025-02-13T06:02:28.292+0000] {glue.py:339} INFO - Polling for AWS Glue Job inetum_job current run state with status RUNNING
[2025-02-13T06:02:34.499+0000] {glue.py:339} INFO - Polling for AWS Glue Job inetum_job current run state with status RUNNING
[2025-02-13T06:02:40.718+0000] {glue.py:339} INFO - Polling for AWS Glue Job inetum_job current run state with status RUNNING
[2025-02-13T06:02:46.947+0000] {glue.py:339} INFO - Polling for AWS Glue Job inetum_job current run state with status RUNNING
[2025-02-13T06:02:53.163+0000] {glue.py:339} INFO - Polling for AWS Glue Job inetum_job current run state with status RUNNING
[2025-02-13T06:02:59.374+0000] {glue.py:339} INFO - Polling for AWS Glue Job inetum_job current run state with status RUNNING
[2025-02-13T06:03:05.603+0000] {glue.py:339} INFO - Polling for AWS Glue Job inetum_job current run state with status RUNNING
[2025-02-13T06:03:11.818+0000] {glue.py:339} INFO - Polling for AWS Glue Job inetum_job current run state with status RUNNING
[2025-02-13T06:03:18.046+0000] {glue.py:339} INFO - Polling for AWS Glue Job inetum_job current run state with status RUNNING
[2025-02-13T06:03:24.259+0000] {glue.py:339} INFO - Polling for AWS Glue Job inetum_job current run state with status RUNNING
[2025-02-13T06:03:30.535+0000] {glue.py:339} INFO - Polling for AWS Glue Job inetum_job current run state with status RUNNING
[2025-02-13T06:03:36.736+0000] {glue.py:339} INFO - Polling for AWS Glue Job inetum_job current run state with status RUNNING
[2025-02-13T06:03:43.024+0000] {glue.py:339} INFO - Polling for AWS Glue Job inetum_job current run state with status RUNNING
[2025-02-13T06:03:49.237+0000] {glue.py:339} INFO - Polling for AWS Glue Job inetum_job current run state with status RUNNING
[2025-02-13T06:03:55.459+0000] {glue.py:339} INFO - Polling for AWS Glue Job inetum_job current run state with status RUNNING
[2025-02-13T06:04:01.679+0000] {glue.py:339} INFO - Polling for AWS Glue Job inetum_job current run state with status RUNNING
[2025-02-13T06:04:07.898+0000] {glue.py:339} INFO - Polling for AWS Glue Job inetum_job current run state with status RUNNING
[2025-02-13T06:04:14.110+0000] {glue.py:339} INFO - Polling for AWS Glue Job inetum_job current run state with status RUNNING
[2025-02-13T06:04:20.335+0000] {glue.py:339} INFO - Polling for AWS Glue Job inetum_job current run state with status RUNNING
[2025-02-13T06:04:26.557+0000] {glue.py:339} INFO - Polling for AWS Glue Job inetum_job current run state with status RUNNING
[2025-02-13T06:04:32.774+0000] {glue.py:339} INFO - Polling for AWS Glue Job inetum_job current run state with status RUNNING
[2025-02-13T06:04:38.988+0000] {glue.py:339} INFO - Polling for AWS Glue Job inetum_job current run state with status RUNNING
[2025-02-13T06:04:45.218+0000] {glue.py:339} INFO - Polling for AWS Glue Job inetum_job current run state with status RUNNING
[2025-02-13T06:04:51.442+0000] {glue.py:339} INFO - Polling for AWS Glue Job inetum_job current run state with status RUNNING
[2025-02-13T06:04:57.669+0000] {glue.py:339} INFO - Polling for AWS Glue Job inetum_job current run state with status RUNNING
[2025-02-13T06:05:03.894+0000] {glue.py:339} INFO - Polling for AWS Glue Job inetum_job current run state with status RUNNING
[2025-02-13T06:05:10.109+0000] {glue.py:339} INFO - Polling for AWS Glue Job inetum_job current run state with status RUNNING
[2025-02-13T06:05:16.335+0000] {glue.py:339} INFO - Polling for AWS Glue Job inetum_job current run state with status RUNNING
[2025-02-13T06:05:22.547+0000] {glue.py:339} INFO - Polling for AWS Glue Job inetum_job current run state with status RUNNING
[2025-02-13T06:05:28.776+0000] {glue.py:339} INFO - Polling for AWS Glue Job inetum_job current run state with status RUNNING
[2025-02-13T06:05:34.968+0000] {glue.py:332} INFO - Exiting Job jr_4555a47dd5d57d6aec816dff3505bbb72f61f78366daad901057382ba29d7b19 Run State: SUCCEEDED
[2025-02-13T06:05:34.969+0000] {glue.py:209} INFO - AWS Glue Job: inetum_job status: SUCCEEDED. Run Id: jr_4555a47dd5d57d6aec816dff3505bbb72f61f78366daad901057382ba29d7b19
[2025-02-13T06:05:34.969+0000] {taskinstance.py:441} INFO - ::group::Post task execution logs
[2025-02-13T06:05:34.999+0000] {taskinstance.py:1205} INFO - Marking task as SUCCESS. dag_id=DAG_INETUM_ETL, task_id=submit_glue_job, execution_date=20250213T055639, start_date=20250213T055955, end_date=20250213T060534
[2025-02-13T06:05:35.065+0000] {local_task_job_runner.py:240} INFO - Task exited with return code 0
[2025-02-13T06:05:35.101+0000] {taskinstance.py:3482} INFO - 0 downstream tasks scheduled from follow-on schedule check
[2025-02-13T06:05:35.104+0000] {local_task_job_runner.py:222} INFO - ::endgroup::
