[2025-02-11T17:05:32.535+0000] {local_task_job_runner.py:120} INFO - ::group::Pre task execution logs
[2025-02-11T17:05:32.600+0000] {taskinstance.py:2073} INFO - Dependencies all met for dep_context=non-requeueable deps ti=<TaskInstance: DAG_INETUM_ETL.submit_glue_job manual__2025-02-11T17:05:25.149343+00:00 [queued]>
[2025-02-11T17:05:32.627+0000] {taskinstance.py:2073} INFO - Dependencies all met for dep_context=requeueable deps ti=<TaskInstance: DAG_INETUM_ETL.submit_glue_job manual__2025-02-11T17:05:25.149343+00:00 [queued]>
[2025-02-11T17:05:32.629+0000] {taskinstance.py:2303} INFO - Starting attempt 1 of 2
[2025-02-11T17:05:32.681+0000] {taskinstance.py:2327} INFO - Executing <Task(GlueJobOperator): submit_glue_job> on 2025-02-11 17:05:25.149343+00:00
[2025-02-11T17:05:32.707+0000] {warnings.py:110} WARNING - /home/***/.local/lib/python3.12/site-packages/***/task/task_runner/standard_task_runner.py:61: DeprecationWarning: This process (pid=2707) is multi-threaded, use of fork() may lead to deadlocks in the child.
  pid = os.fork()

[2025-02-11T17:05:32.719+0000] {standard_task_runner.py:63} INFO - Started process 2721 to run task
[2025-02-11T17:05:32.713+0000] {standard_task_runner.py:90} INFO - Running: ['***', 'tasks', 'run', 'DAG_INETUM_ETL', 'submit_glue_job', 'manual__2025-02-11T17:05:25.149343+00:00', '--job-id', '15', '--raw', '--subdir', 'DAGS_FOLDER/dag_etl.py', '--cfg-path', '/tmp/tmp8f2rav3w']
[2025-02-11T17:05:32.722+0000] {standard_task_runner.py:91} INFO - Job 15: Subtask submit_glue_job
[2025-02-11T17:05:32.889+0000] {task_command.py:426} INFO - Running <TaskInstance: DAG_INETUM_ETL.submit_glue_job manual__2025-02-11T17:05:25.149343+00:00 [running]> on host 9a237c96c334
[2025-02-11T17:05:33.158+0000] {taskinstance.py:2644} INFO - Exporting env vars: AIRFLOW_CTX_DAG_OWNER='Andres Urrea' AIRFLOW_CTX_DAG_ID='DAG_INETUM_ETL' AIRFLOW_CTX_TASK_ID='submit_glue_job' AIRFLOW_CTX_EXECUTION_DATE='2025-02-11T17:05:25.149343+00:00' AIRFLOW_CTX_TRY_NUMBER='1' AIRFLOW_CTX_DAG_RUN_ID='manual__2025-02-11T17:05:25.149343+00:00'
[2025-02-11T17:05:33.162+0000] {taskinstance.py:430} INFO - ::endgroup::
[2025-02-11T17:05:33.164+0000] {glue.py:173} INFO - Initializing AWS Glue Job: etloregon. Wait for completion: True
[2025-02-11T17:05:33.165+0000] {glue.py:356} INFO - Checking if job already exists: etloregon
[2025-02-11T17:05:33.192+0000] {base.py:84} INFO - Using connection ID 'aws_default' for task execution.
[2025-02-11T17:05:33.195+0000] {connection_wrapper.py:384} INFO - AWS Connection (conn_id='aws_default', conn_type='aws') credentials retrieved from login and password.
[2025-02-11T17:05:36.016+0000] {glue.py:194} INFO - You can monitor this Glue Job run at: https://console.aws.amazon.com/gluestudio/home?region=us-west-2#/job/etloregon/run/jr_343e07b610c661ab99e3d2511d05ca4180cd2a22c05484335f9377c99716a8a6
[2025-02-11T17:05:36.237+0000] {glue.py:339} INFO - Polling for AWS Glue Job etloregon current run state with status RUNNING
[2025-02-11T17:05:42.456+0000] {glue.py:339} INFO - Polling for AWS Glue Job etloregon current run state with status RUNNING
[2025-02-11T17:05:48.680+0000] {glue.py:339} INFO - Polling for AWS Glue Job etloregon current run state with status RUNNING
[2025-02-11T17:05:54.903+0000] {glue.py:339} INFO - Polling for AWS Glue Job etloregon current run state with status RUNNING
[2025-02-11T17:06:01.149+0000] {glue.py:339} INFO - Polling for AWS Glue Job etloregon current run state with status RUNNING
[2025-02-11T17:06:07.350+0000] {glue.py:339} INFO - Polling for AWS Glue Job etloregon current run state with status RUNNING
[2025-02-11T17:06:13.574+0000] {glue.py:339} INFO - Polling for AWS Glue Job etloregon current run state with status RUNNING
[2025-02-11T17:06:19.807+0000] {glue.py:339} INFO - Polling for AWS Glue Job etloregon current run state with status RUNNING
[2025-02-11T17:06:26.031+0000] {glue.py:339} INFO - Polling for AWS Glue Job etloregon current run state with status RUNNING
[2025-02-11T17:06:32.250+0000] {glue.py:339} INFO - Polling for AWS Glue Job etloregon current run state with status RUNNING
[2025-02-11T17:06:38.451+0000] {glue.py:339} INFO - Polling for AWS Glue Job etloregon current run state with status RUNNING
[2025-02-11T17:06:44.666+0000] {glue.py:339} INFO - Polling for AWS Glue Job etloregon current run state with status RUNNING
[2025-02-11T17:06:50.879+0000] {glue.py:339} INFO - Polling for AWS Glue Job etloregon current run state with status RUNNING
[2025-02-11T17:06:57.101+0000] {glue.py:339} INFO - Polling for AWS Glue Job etloregon current run state with status RUNNING
[2025-02-11T17:07:03.320+0000] {glue.py:339} INFO - Polling for AWS Glue Job etloregon current run state with status RUNNING
[2025-02-11T17:07:09.515+0000] {glue.py:332} INFO - Exiting Job jr_343e07b610c661ab99e3d2511d05ca4180cd2a22c05484335f9377c99716a8a6 Run State: SUCCEEDED
[2025-02-11T17:07:09.516+0000] {glue.py:209} INFO - AWS Glue Job: etloregon status: SUCCEEDED. Run Id: jr_343e07b610c661ab99e3d2511d05ca4180cd2a22c05484335f9377c99716a8a6
[2025-02-11T17:07:09.518+0000] {taskinstance.py:441} INFO - ::group::Post task execution logs
[2025-02-11T17:07:09.556+0000] {taskinstance.py:1205} INFO - Marking task as SUCCESS. dag_id=DAG_INETUM_ETL, task_id=submit_glue_job, execution_date=20250211T170525, start_date=20250211T170532, end_date=20250211T170709
[2025-02-11T17:07:09.603+0000] {local_task_job_runner.py:240} INFO - Task exited with return code 0
[2025-02-11T17:07:09.642+0000] {taskinstance.py:3482} INFO - 0 downstream tasks scheduled from follow-on schedule check
[2025-02-11T17:07:09.647+0000] {local_task_job_runner.py:222} INFO - ::endgroup::
