[2025-02-11T16:24:09.509+0000] {local_task_job_runner.py:120} INFO - ::group::Pre task execution logs
[2025-02-11T16:24:09.592+0000] {taskinstance.py:2073} INFO - Dependencies all met for dep_context=non-requeueable deps ti=<TaskInstance: DAG_ETL_glue.run_glue_crawler manual__2025-02-11T16:24:01.789563+00:00 [queued]>
[2025-02-11T16:24:09.630+0000] {taskinstance.py:2073} INFO - Dependencies all met for dep_context=requeueable deps ti=<TaskInstance: DAG_ETL_glue.run_glue_crawler manual__2025-02-11T16:24:01.789563+00:00 [queued]>
[2025-02-11T16:24:09.638+0000] {taskinstance.py:2303} INFO - Starting attempt 1 of 2
[2025-02-11T16:24:09.712+0000] {taskinstance.py:2327} INFO - Executing <Task(GlueCrawlerOperator): run_glue_crawler> on 2025-02-11 16:24:01.789563+00:00
[2025-02-11T16:24:09.748+0000] {warnings.py:110} WARNING - /home/***/.local/lib/python3.12/site-packages/***/task/task_runner/standard_task_runner.py:61: DeprecationWarning: This process (pid=2197) is multi-threaded, use of fork() may lead to deadlocks in the child.
  pid = os.fork()

[2025-02-11T16:24:09.765+0000] {standard_task_runner.py:63} INFO - Started process 2211 to run task
[2025-02-11T16:24:09.764+0000] {standard_task_runner.py:90} INFO - Running: ['***', 'tasks', 'run', 'DAG_ETL_glue', 'run_glue_crawler', 'manual__2025-02-11T16:24:01.789563+00:00', '--job-id', '11', '--raw', '--subdir', 'DAGS_FOLDER/first_dag.py', '--cfg-path', '/tmp/tmptbpsot5n']
[2025-02-11T16:24:09.772+0000] {standard_task_runner.py:91} INFO - Job 11: Subtask run_glue_crawler
[2025-02-11T16:24:09.975+0000] {task_command.py:426} INFO - Running <TaskInstance: DAG_ETL_glue.run_glue_crawler manual__2025-02-11T16:24:01.789563+00:00 [running]> on host 9a237c96c334
[2025-02-11T16:24:10.238+0000] {taskinstance.py:2644} INFO - Exporting env vars: AIRFLOW_CTX_DAG_OWNER='Andres Urrea' AIRFLOW_CTX_DAG_ID='DAG_ETL_glue' AIRFLOW_CTX_TASK_ID='run_glue_crawler' AIRFLOW_CTX_EXECUTION_DATE='2025-02-11T16:24:01.789563+00:00' AIRFLOW_CTX_TRY_NUMBER='1' AIRFLOW_CTX_DAG_RUN_ID='manual__2025-02-11T16:24:01.789563+00:00'
[2025-02-11T16:24:10.242+0000] {taskinstance.py:430} INFO - ::endgroup::
[2025-02-11T16:24:10.244+0000] {glue_crawler.py:57} INFO - Checking if crawler already exists: crawler-oregon-source-s3
[2025-02-11T16:24:10.270+0000] {base.py:84} INFO - Using connection ID 'aws_default' for task execution.
[2025-02-11T16:24:10.273+0000] {connection_wrapper.py:384} INFO - AWS Connection (conn_id='aws_default', conn_type='aws') credentials retrieved from login and password.
[2025-02-11T16:24:13.044+0000] {glue_crawler.py:98} INFO - Triggering AWS Glue Crawler
[2025-02-11T16:24:13.045+0000] {glue_crawler.py:170} INFO - Starting crawler crawler-oregon-source-s3
[2025-02-11T16:24:14.618+0000] {glue_crawler.py:110} INFO - Waiting for AWS Glue Crawler
[2025-02-11T16:26:59.188+0000] {glue_crawler.py:185} INFO - crawler_config: {'Name': 'crawler-oregon-source-s3', 'Role': 'service-role/AWSGlueServiceRole-s3-fullacces-glue-au', 'Targets': {'S3Targets': [{'Path': 's3://cloudcamp-source-oregon-au', 'Exclusions': []}], 'JdbcTargets': [], 'MongoDBTargets': [], 'DynamoDBTargets': [], 'CatalogTargets': [], 'DeltaTargets': [], 'IcebergTargets': [], 'HudiTargets': []}, 'DatabaseName': 'dbordegon-sources3', 'Description': 'crawler source s3', 'Classifiers': [], 'RecrawlPolicy': {'RecrawlBehavior': 'CRAWL_EVERYTHING'}, 'SchemaChangePolicy': {'UpdateBehavior': 'UPDATE_IN_DATABASE', 'DeleteBehavior': 'DEPRECATE_IN_DATABASE'}, 'LineageConfiguration': {'CrawlerLineageSettings': 'DISABLE'}, 'State': 'READY', 'CrawlElapsedTime': 0, 'CreationTime': datetime.datetime(2025, 2, 11, 4, 14, 20, tzinfo=tzlocal()), 'LastUpdated': datetime.datetime(2025, 2, 11, 4, 14, 20, tzinfo=tzlocal()), 'LastCrawl': {'Status': 'SUCCEEDED', 'LogGroup': '/aws-glue/crawlers', 'LogStream': 'crawler-oregon-source-s3', 'MessagePrefix': '940bca95-b4a5-407b-b3dc-e138177e5d71', 'StartTime': datetime.datetime(2025, 2, 11, 16, 24, 13, tzinfo=tzlocal())}, 'Version': 1, 'Configuration': '{"Version":1.0,"CreatePartitionIndex":true}', 'LakeFormationConfiguration': {'UseLakeFormationCredentials': False, 'AccountId': ''}}
[2025-02-11T16:26:59.397+0000] {glue_crawler.py:190} INFO - Status: SUCCEEDED
[2025-02-11T16:26:59.398+0000] {glue_crawler.py:191} INFO - Last Runtime Duration (seconds): 54.722
[2025-02-11T16:26:59.400+0000] {glue_crawler.py:192} INFO - Median Runtime Duration (seconds): 64.033
[2025-02-11T16:26:59.401+0000] {glue_crawler.py:193} INFO - Tables Created: 0
[2025-02-11T16:26:59.401+0000] {glue_crawler.py:194} INFO - Tables Updated: 0
[2025-02-11T16:26:59.402+0000] {glue_crawler.py:195} INFO - Tables Deleted: 0
[2025-02-11T16:26:59.403+0000] {taskinstance.py:441} INFO - ::group::Post task execution logs
[2025-02-11T16:26:59.451+0000] {taskinstance.py:1205} INFO - Marking task as SUCCESS. dag_id=DAG_ETL_glue, task_id=run_glue_crawler, execution_date=20250211T162401, start_date=20250211T162409, end_date=20250211T162659
[2025-02-11T16:26:59.519+0000] {local_task_job_runner.py:240} INFO - Task exited with return code 0
[2025-02-11T16:26:59.552+0000] {taskinstance.py:3482} INFO - 0 downstream tasks scheduled from follow-on schedule check
[2025-02-11T16:26:59.555+0000] {local_task_job_runner.py:222} INFO - ::endgroup::
